# Server version 0.08 running on 10.40.39.122:8123
# Game ID: 1
# Board class: pentago_swap.PentagoBoard
# Timeout: 2000
# First Move Timeout: 30000
# Date: Wed Apr 03 20:47:53 EDT 2019
# Player 1: Player-0, 'Human', running on 10.40.39.122
# Player 2: Player-1, '260740998', running on 10.40.39.122
START Player-0 Human
START Player-1 260740998
2 4 TR BL 0
1 1 TL TR 1
3 4 TL BR 0
1 1 TL TR 1
2 4 TR TL 0
4 1 TL TR 1
3 1 BL TR 0
1 3 TR BL 1
4 3 BR TL 0
4 5 TL BL 1
1 2 TL BR 0
1 0 TL BL 1
GAMEOVER WINNER 1
# Game ended: Wed Apr 03 20:48:07 EDT 2019
