# Server version 0.08 running on 192.168.0.100:8123
# Game ID: 134
# Board class: pentago_swap.PentagoBoard
# Timeout: 2000
# First Move Timeout: 30000
# Date: Tue Apr 02 19:00:40 EDT 2019
# Player 1: Player-0, '260740998', running on 192.168.0.100
# Player 2: Player-1, 'Human', running on 192.168.0.100
START Player-0 260740998
START Player-1 Human
1 1 TL TR 0
5 0 BR TR 1
1 1 TL TR 0
4 3 TL TR 1
1 4 TL TR 0
5 3 TR TL 1
5 4 TL BL 0
1 0 TL BL 1
2 4 TL TR 0
3 0 BL TR 1
3 4 TL TR 0
GAMEOVER WINNER 0
# Game ended: Tue Apr 02 19:01:00 EDT 2019
