# Server version 0.08 running on 10.142.59.173:8123
# Game ID: 372
# Board class: pentago_swap.PentagoBoard
# Timeout: 2000
# First Move Timeout: 30000
# Date: Fri Apr 05 13:04:14 EDT 2019
# Player 1: Player-0, '260740998', running on 10.142.59.173
# Player 2: Player-1, 'OLD260740998', running on 10.142.59.173
START Player-0 260740998
START Player-1 OLD260740998
0 3 TL TR 0
1 1 TL TR 1
3 0 TL BL 0
1 1 TL TR 1
4 0 TL TR 0
4 1 TL TR 1
3 4 TR BR 0
5 3 TR BL 1
3 2 TR BR 0
3 5 TR BR 1
2 0 TR BR 0
5 3 TL BR 1
0 4 TR BR 0
3 5 BL BR 1
4 3 TL TR 0
GAMEOVER WINNER 1
# Game ended: Fri Apr 05 13:04:14 EDT 2019
