# Server version 0.08 running on 10.142.59.173:8123
# Game ID: 391
# Board class: pentago_swap.PentagoBoard
# Timeout: 2000
# First Move Timeout: 30000
# Date: Fri Apr 05 15:46:56 EDT 2019
# Player 1: Player-0, 'Human', running on 10.142.59.173
# Player 2: Player-1, '260740998', running on 10.142.59.173
START Player-0 Human
START Player-1 260740998
5 0 BL BR 0
1 1 TL TR 1
1 2 TL BL 0
1 1 TL TR 1
4 0 BL BR 0
4 1 TL TR 1
1 5 TR TL 0
2 1 TL BL 1
2 1 TL TR 0
0 1 TL TR 1
3 4 BR BL 0
2 4 TR BR 1
GAMEOVER WINNER 1
# Game ended: Fri Apr 05 15:47:08 EDT 2019
