# Server version 0.08 running on 10.40.59.50:8123
# Game ID: 56
# Board class: pentago_swap.PentagoBoard
# Timeout: 2000
# First Move Timeout: 30000
# Date: Mon Apr 01 12:31:39 EDT 2019
# Player 1: Player-0, 'Human', running on 10.40.59.50
# Player 2: Player-1, '260740998', running on 10.40.59.50
START Player-0 Human
START Player-1 260740998
4 0 BR TR 0
1 1 TL TR 1
3 0 BR TR 0
1 1 TL TR 1
2 0 BR TR 0
1 1 TL TR 1
2 0 BR TR 0
5 0 BL TR 1
GAMEOVER USER CANCEL UNDECIDED
# Game ended: Mon Apr 01 12:32:03 EDT 2019
