# Server version 0.08 running on 10.142.59.190:8123
# Game ID: 75
# Board class: pentago_swap.PentagoBoard
# Timeout: 2000
# First Move Timeout: 30000
# Date: Mon Apr 01 17:56:35 EDT 2019
# Player 1: Player-0, '260740998', running on 10.142.59.190
# Player 2: Player-1, 'Human', running on 10.142.59.190
START Player-0 260740998
START Player-1 Human
1 1 TL TR 0
1 1 BR BL 1
4 1 TL TR 0
4 4 BR BL 1
3 4 TL TR 0
3 1 BR TR 1
5 1 BL TR 0
2 1 TR BR 1
5 1 BL BR 0
0 1 TR BR 1
GAMEOVER WINNER 1
# Game ended: Mon Apr 01 17:56:51 EDT 2019
