# Server version 0.08 running on 10.40.25.39:8123
# Game ID: 91
# Board class: pentago_swap.PentagoBoard
# Timeout: 2000
# First Move Timeout: 30000
# Date: Mon Apr 01 19:49:52 EDT 2019
# Player 1: Player-0, '260740998', running on 10.40.25.39
# Player 2: Player-1, 'Human', running on 10.40.25.39
START Player-0 260740998
START Player-1 Human
1 1 TL TR 0
0 1 TL BR 1
1 1 TL TR 0
3 5 BR TL 1
1 1 TL TR 0
5 2 BR TL 1
3 3 TL TR 0
5 1 BR TR 1
3 1 TR BL 0
2 3 TR TL 1
2 3 TL BR 0
5 0 BL BR 1
5 4 BL TR 0
2 2 BR BL 1
2 1 TR BL 0
3 3 BR BL 1
0 1 TL BR 0
GAMEOVER WINNER 0
# Game ended: Mon Apr 01 19:50:29 EDT 2019
