# Server version 0.08 running on 10.142.59.190:8123
# Game ID: 72
# Board class: pentago_swap.PentagoBoard
# Timeout: 2000
# First Move Timeout: 30000
# Date: Mon Apr 01 17:13:22 EDT 2019
# Player 1: Player-0, '260740998', running on 10.142.59.190
# Player 2: Player-1, 'Human', running on 10.142.59.190
START Player-0 260740998
START Player-1 Human
1 1 TL TR 0
3 5 BR TL 1
1 1 TL TR 0
2 2 TR TL 1
4 1 TL TR 0
3 0 BL BR 1
5 4 BL BR 0
5 5 BR TR 1
3 1 BL BR 0
GAMEOVER USER CANCEL UNDECIDED
# Game ended: Mon Apr 01 17:19:11 EDT 2019
