# Server version 0.08 running on 192.168.0.100:8123
# Game ID: 225
# Board class: pentago_swap.PentagoBoard
# Timeout: 2000
# First Move Timeout: 30000
# Date: Thu Apr 04 09:36:29 EDT 2019
# Player 1: Player-0, '260740998', running on 192.168.0.100
# Player 2: Player-1, 'Human', running on 192.168.0.100
START Player-0 260740998
START Player-1 Human
1 1 TL TR 0
4 1 BL BR 1
1 1 TL TR 0
4 1 BL TL 1
3 4 TL TR 0
2 4 TR TL 1
5 4 BL BR 0
0 1 TL BR 1
2 1 TL BR 0
GAMEOVER USER CANCEL UNDECIDED
# Game ended: Thu Apr 04 09:36:45 EDT 2019
