# Server version 0.08 running on 192.168.0.100:8123
# Game ID: 142
# Board class: pentago_swap.PentagoBoard
# Timeout: 2000
# First Move Timeout: 30000
# Date: Tue Apr 02 19:23:26 EDT 2019
# Player 1: Player-0, '260740998', running on 192.168.0.100
# Player 2: Player-1, 'Human', running on 192.168.0.100
START Player-0 260740998
START Player-1 Human
1 1 TL TR 0
5 5 BL TL 1
1 1 TL TR 0
5 2 TR TL 1
4 1 TL TR 0
4 2 TR TL 1
2 1 TR BR 0
1 5 BR TL 1
5 1 TR BL 0
3 2 BR BL 1
GAMEOVER WINNER 1
# Game ended: Tue Apr 02 19:23:44 EDT 2019
