# Server version 0.08 running on 10.142.59.173:8123
# Game ID: 403
# Board class: pentago_swap.PentagoBoard
# Timeout: 2000
# First Move Timeout: 30000
# Date: Fri Apr 05 16:18:21 EDT 2019
# Player 1: Player-0, '260740998', running on 10.142.59.173
# Player 2: Player-1, 'Human', running on 10.142.59.173
START Player-0 260740998
START Player-1 Human
1 1 TL TR 0
1 1 TR BL 1
1 4 TL TR 0
4 4 BL TR 1
3 4 TL TR 0
5 4 BR TR 1
5 4 TR BL 0
2 4 TR TL 1
0 1 TL TR 0
1 5 BR TL 1
0 1 TL TR 0
3 4 BR TR 1
2 4 TL BL 0
GAMEOVER WINNER 0
# Game ended: Fri Apr 05 16:18:54 EDT 2019
