# Server version 0.08 running on local.local:8123
# Game ID: 392
# Board class: pentago_swap.PentagoBoard
# Timeout: 2000
# First Move Timeout: 30000
# Date: Fri Apr 05 15:51:49 EDT 2019
# Player 1: Player-0, '260740998', running on local.local
# Player 2: Player-1, 'Human', running on local.local
START Player-0 260740998
START Player-1 Human
1 1 TL TR 0
5 0 BL TL 1
1 1 TL TR 0
1 3 TR BL 1
1 4 TL TR 0
3 0 BL BR 1
0 3 TL TR 0
2 0 BR BL 1
1 0 TL BL 0
GAMEOVER USER CANCEL UNDECIDED
# Game ended: Fri Apr 05 15:52:07 EDT 2019
