# Server version 0.08 running on 10.142.59.173:8123
# Game ID: 380
# Board class: pentago_swap.PentagoBoard
# Timeout: 2000
# First Move Timeout: 30000
# Date: Fri Apr 05 13:14:46 EDT 2019
# Player 1: Player-0, '260740998', running on 10.142.59.173
# Player 2: Player-1, 'Human', running on 10.142.59.173
START Player-0 260740998
START Player-1 Human
1 1 TL TR 0
4 1 BL BR 1
1 1 TL TR 0
4 1 BL TR 1
3 4 TL TR 0
5 4 TR BL 1
0 1 BL BR 0
2 1 TL BR 1
2 4 TR BL 0
GAMEOVER USER CANCEL UNDECIDED
# Game ended: Fri Apr 05 13:15:03 EDT 2019
