# Server version 0.08 running on 10.142.59.173:8123
# Game ID: 351
# Board class: pentago_swap.PentagoBoard
# Timeout: 2000
# First Move Timeout: 30000
# Date: Fri Apr 05 12:19:54 EDT 2019
# Player 1: Player-0, '260740998', running on 10.142.59.173
# Player 2: Player-1, 'Human', running on 10.142.59.173
START Player-0 260740998
START Player-1 Human
1 1 TL TR 0
5 1 BL BR 1
1 1 TL TR 0
5 1 BL BR 1
4 1 TL TR 0
4 4 BR BL 1
3 2 TL BL 0
3 1 BR TR 1
4 3 TR BR 0
0 1 TL BL 1
1 0 TL BR 0
0 1 TL TR 1
5 4 BL BR 0
