# Server version 0.08 running on 192.168.0.100:8123
# Game ID: 130
# Board class: pentago_swap.PentagoBoard
# Timeout: 2000
# First Move Timeout: 30000
# Date: Tue Apr 02 18:56:49 EDT 2019
# Starting at move 10
# Player 1: Player-0, '260740998', running on 192.168.0.100
# Player 2: Player-1, 'Human', running on 192.168.0.100
START Player-0 260740998
START Player-1 Human
1 1 TL TR 0
5 0 TR BR 1
1 1 TL TR 0
4 0 BR TR 1
1 1 TL TR 0
5 5 TR TL 1
1 0 TR BL 0
4 5 BL TL 1
4 3 TL TR 0
GAMEOVER USER CANCEL UNDECIDED
# Game ended: Tue Apr 02 18:56:51 EDT 2019
