# Server version 0.08 running on 142.157.106.56:8123
# Game ID: 238
# Board class: pentago_swap.PentagoBoard
# Timeout: 2000
# First Move Timeout: 30000
# Date: Thu Apr 04 12:51:50 EDT 2019
# Player 1: Player-0, '260740998', running on 142.157.106.56
# Player 2: Player-1, 'Human', running on 142.157.106.56
START Player-0 260740998
START Player-1 Human
1 1 TL TR 0
5 0 BR TR 1
1 1 TL TR 0
4 0 BR TR 1
1 1 TL TR 0
3 0 TR BR 1
5 2 TR BR 0
2 0 TR BR 1
5 5 BL BR 0
1 0 BR BL 1
GAMEOVER WINNER 1
# Game ended: Thu Apr 04 12:52:05 EDT 2019
