# Server version 0.08 running on 10.40.39.122:8123
# Game ID: 211
# Board class: pentago_swap.PentagoBoard
# Timeout: 2000
# First Move Timeout: 30000
# Date: Wed Apr 03 21:08:53 EDT 2019
# Player 1: Player-0, 'OLD260740998', running on 10.40.39.122
# Player 2: Player-1, 'Human', running on 10.40.39.122
START Player-0 OLD260740998
START Player-1 Human
1 1 TL TR 0
4 4 BR BL 1
1 1 TL TR 0
2 2 TL BR 1
1 1 TL TR 0
5 1 BL TR 1
5 1 BL BR 0
0 4 TR TL 1
3 4 BL BR 0
4 3 BR BL 1
0 4 TR BR 0
GAMEOVER WINNER 0
# Game ended: Wed Apr 03 21:09:05 EDT 2019
