# Server version 0.08 running on 10.40.39.122:8123
# Game ID: 199
# Board class: pentago_swap.PentagoBoard
# Timeout: 2000
# First Move Timeout: 30000
# Date: Wed Apr 03 20:28:44 EDT 2019
# Player 1: Player-0, '260740998', running on 10.40.39.122
# Player 2: Player-1, 'Human', running on 10.40.39.122
START Player-0 260740998
START Player-1 Human
1 1 TL TR 0
4 4 BR BL 1
1 1 TL TR 0
4 4 BR BL 1
3 4 TL TR 0
5 4 TR TL 1
1 0 BL BR 0
5 4 TR TL 1
1 0 TL BL 0
3 4 BR BL 1
GAMEOVER WINNER 1
# Game ended: Wed Apr 03 20:29:58 EDT 2019
