# Server version 0.08 running on 10.142.59.173:8123
# Game ID: 399
# Board class: pentago_swap.PentagoBoard
# Timeout: 2000
# First Move Timeout: 30000
# Date: Fri Apr 05 16:05:36 EDT 2019
# Player 1: Player-0, '260740998', running on 10.142.59.173
# Player 2: Player-1, 'Human', running on 10.142.59.173
START Player-0 260740998
START Player-1 Human
1 1 TL TR 0
1 1 TL BR 1
1 1 TL TR 0
4 1 BL TL 1
3 4 TL TR 0
3 3 BL TL 1
2 4 TL BL 0
2 2 TL BL 1
5 1 TR BR 0
2 5 TR TL 1
2 1 TL BL 0
4 5 TR TL 1
4 0 TL BR 0
0 1 BL BR 1
0 4 TL BR 0
3 3 BL TR 1
GAMEOVER WINNER 1
# Game ended: Fri Apr 05 16:06:19 EDT 2019
