# Server version 0.08 running on 10.142.59.173:8123
# Game ID: 329
# Board class: pentago_swap.PentagoBoard
# Timeout: 2000
# First Move Timeout: 30000
# Date: Fri Apr 05 11:36:29 EDT 2019
# Player 1: Player-0, '260740998', running on 10.142.59.173
# Player 2: Player-1, 'Human', running on 10.142.59.173
START Player-0 260740998
START Player-1 Human
1 1 TL TR 0
5 0 TR BR 1
1 1 TL TR 0
0 5 TR TL 1
1 4 TL TR 0
2 2 BL TR 1
5 5 TL TR 0
0 0 BR BL 1
0 1 TR BL 0
1 2 TL BL 1
4 3 TR BL 0
2 4 BR BL 1
5 1 TR BR 0
4 4 TR BL 1
1 0 TR BR 0
2 1 BR BL 1
1 2 TL BR 0
4 2 BL TR 1
5 3 TL BL 0
4 2 BL TR 1
3 0 BL BR 0
GAMEOVER WINNER 0
# Game ended: Fri Apr 05 11:40:47 EDT 2019
