# Server version 0.08 running on 142.157.106.56:8123
# Game ID: 239
# Board class: pentago_swap.PentagoBoard
# Timeout: 2000
# First Move Timeout: 30000
# Date: Thu Apr 04 12:59:26 EDT 2019
# Player 1: Player-0, '260740998', running on 142.157.106.56
# Player 2: Player-1, 'Human', running on 142.157.106.56
START Player-0 260740998
START Player-1 Human
2 1 BL BR 0
0 0 BR BL 1
3 0 TL TR 0
0 1 BR BL 1
4 5 TL BR 0
0 4 BR BL 1
5 2 TR BR 0
3 5 TR TL 1
5 0 BL BR 0
3 3 TR TL 1
GAMEOVER WINNER 1
# Game ended: Thu Apr 04 12:59:39 EDT 2019
