# Server version 0.08 running on 10.40.25.39:8123
# Game ID: 88
# Board class: pentago_swap.PentagoBoard
# Timeout: 2000
# First Move Timeout: 30000
# Date: Mon Apr 01 19:22:01 EDT 2019
# Player 1: Player-0, '260740998', running on 10.40.25.39
# Player 2: Player-1, 'Human', running on 10.40.25.39
START Player-0 260740998
START Player-1 Human
1 1 TL TR 0
1 1 TL BR 1
1 1 TL TR 0
3 4 BR BL 1
4 4 TL TR 0
2 1 TL TR 1
2 5 BL BR 0
5 4 BR BL 1
3 4 BL BR 0
2 1 TL TR 1
1 3 TR BL 0
2 3 TR BL 1
2 5 TL BL 0
2 1 TL BL 1
0 3 TR BR 0
GAMEOVER WINNER 0
# Game ended: Mon Apr 01 19:22:59 EDT 2019
