# Server version 0.08 running on 10.142.59.173:8123
# Game ID: 378
# Board class: pentago_swap.PentagoBoard
# Timeout: 2000
# First Move Timeout: 30000
# Date: Fri Apr 05 13:10:08 EDT 2019
# Player 1: Player-0, '260740998', running on 10.142.59.173
# Player 2: Player-1, '260740998', running on 10.142.59.173
START Player-0 260740998
START Player-1 260740998
1 1 TL TR 0
1 1 TL TR 1
4 1 TL TR 0
4 4 TL TR 1
3 4 TL TR 0
5 0 TL TR 1
0 4 TR BR 0
2 5 TR BR 1
4 2 TR BL 0
1 0 TL TR 1
4 2 TL TR 0
1 3 TL BL 1
1 0 TL TR 0
4 2 TL BR 1
1 0 TR BL 0
1 2 TL BL 1
0 2 TL TR 0
3 4 TR BR 1
3 2 TL BL 0
0 5 TR BR 1
5 2 BL BR 0
0 3 TL TR 1
2 0 TR BR 0
3 3 TL BL 1
0 0 TR BL 0
3 2 TR BL 1
5 2 TR BL 0
2 2 TL TR 1
3 1 TR BR 0
2 3 TL BR 1
3 0 TR BL 0
2 3 TR BR 1
5 4 TL BR 0
GAMEOVER WINNER 0
# Game ended: Fri Apr 05 13:10:17 EDT 2019
