# Server version 0.08 running on 10.40.25.39:8123
# Game ID: 95
# Board class: pentago_swap.PentagoBoard
# Timeout: 2000
# First Move Timeout: 30000
# Date: Mon Apr 01 20:01:18 EDT 2019
# Player 1: Player-0, '260740998', running on 10.40.25.39
# Player 2: Player-1, 'Human', running on 10.40.25.39
START Player-0 260740998
START Player-1 Human
2 2 TR BL 0
1 4 TL BR 1
0 0 TL BR 0
2 4 TR BL 1
4 4 TL BL 0
3 1 BR TR 1
5 1 BL TR 0
3 1 TR TL 1
0 5 TR BL 0
1 3 TR TL 1
2 1 BL TR 0
4 1 BL BR 1
0 4 BL TR 0
2 4 BL TL 1
3 5 TL BR 0
