# Server version 0.08 running on 10.40.59.50:8123
# Game ID: 33
# Board class: pentago_swap.PentagoBoard
# Timeout: 2000
# First Move Timeout: 30000
# Date: Mon Apr 01 11:06:06 EDT 2019
# Player 1: Player-0, '260740998', running on 10.40.59.50
# Player 2: Player-1, 'Human', running on 10.40.59.50
START Player-0 260740998
START Player-1 Human
1 1 TL TR 0
5 0 BR TR 1
1 1 TL TR 0
4 0 BR TR 1
1 1 TL TR 0
3 0 BR TR 1
2 0 BL TR 0
3 5 BL TL 1
3 3 TR BL 0
4 5 BL TL 1
3 0 TL BR 0
GAMEOVER USER CANCEL UNDECIDED
# Game ended: Mon Apr 01 11:06:22 EDT 2019
