# Server version 0.08 running on 192.168.0.100:8123
# Game ID: 5
# Board class: pentago_swap.PentagoBoard
# Timeout: 2000
# First Move Timeout: 30000
# Date: Sun Mar 31 22:30:45 EDT 2019
# Player 1: Player-0, '260740998', running on 192.168.0.100
# Player 2: Player-1, 'Human', running on 192.168.0.100
START Player-0 260740998
START Player-1 Human
1 1 TL TR 0
1 2 TL TR 1
1 4 TL TR 0
3 3 BR BL 1
4 1 TL TR 0
3 2 BL TL 1
0 1 BL TL 0
2 2 TL BR 1
1 1 BL TL 0
GAMEOVER USER CANCEL UNDECIDED
# Game ended: Sun Mar 31 22:31:02 EDT 2019
