# Server version 0.08 running on 10.142.59.190:8123
# Game ID: 103
# Board class: pentago_swap.PentagoBoard
# Timeout: 2000
# First Move Timeout: 30000
# Date: Mon Apr 01 20:46:57 EDT 2019
# Player 1: Player-0, '260740998', running on 10.142.59.190
# Player 2: Player-1, 'Human', running on 10.142.59.190
START Player-0 260740998
START Player-1 Human
1 1 TL TR 0
2 4 TR TL 1
1 4 TL TR 0
3 4 BL TL 1
1 1 TL TR 0
4 4 TL TR 1
5 4 BL TR 0
3 2 BL BR 1
1 3 TR BR 0
2 3 TR TL 1
0 1 BL TR 0
3 5 BR BL 1
4 2 TR BL 0
1 2 TL BR 1
1 0 TL TR 0
GAMEOVER WINNER 0
# Game ended: Mon Apr 01 20:48:03 EDT 2019
