# Server version 0.08 running on 192.168.0.100:8123
# Game ID: 12
# Board class: pentago_swap.PentagoBoard
# Timeout: 2000
# First Move Timeout: 30000
# Date: Sun Mar 31 23:00:56 EDT 2019
# Player 1: Player-0, 'Human', running on 192.168.0.100
# Player 2: Player-1, '260740998', running on 192.168.0.100
START Player-0 Human
START Player-1 260740998
2 0 TL TR 0
1 1 TL TR 1
3 0 BR TR 0
1 1 TL TR 1
1 3 TR TL 0
1 4 TL TR 1
0 3 TR TL 0
0 4 BR TR 1
4 0 BL TR 0
1 4 BR TR 1
2 3 BR BL 0
GAMEOVER WINNER 0
# Game ended: Sun Mar 31 23:01:16 EDT 2019
