# Server version 0.08 running on 10.142.59.173:8123
# Game ID: 398
# Board class: pentago_swap.PentagoBoard
# Timeout: 2000
# First Move Timeout: 30000
# Date: Fri Apr 05 16:01:16 EDT 2019
# Player 1: Player-0, '260740998', running on 10.142.59.173
# Player 2: Player-1, 'Human', running on 10.142.59.173
START Player-0 260740998
START Player-1 Human
1 1 TL TR 0
5 0 BR TL 1
1 1 TL TR 0
4 0 TR BR 1
1 4 TL TR 0
3 0 TR BR 1
2 0 TL TR 0
2 0 BR TR 1
1 0 TR BL 0
3 3 BL TL 1
4 3 TL TR 0
4 2 BL TR 1
4 5 TL BR 0
GAMEOVER WINNER 0
# Game ended: Fri Apr 05 16:01:30 EDT 2019
