# Server version 0.08 running on 10.142.59.173:8123
# Game ID: 333
# Board class: pentago_swap.PentagoBoard
# Timeout: 2000
# First Move Timeout: 30000
# Date: Fri Apr 05 11:46:24 EDT 2019
# Player 1: Player-0, '260740998', running on 10.142.59.173
# Player 2: Player-1, '260740998', running on 10.142.59.173
START Player-0 260740998
START Player-1 260740998
1 1 TL TR 0
1 1 TL TR 1
4 1 TL TR 0
4 4 TL TR 1
3 4 TL TR 0
5 0 TL TR 1
2 5 TR BR 0
4 5 TL TR 1
3 3 TR BL 0
5 0 TL BR 1
1 5 TR BR 0
4 2 TL BR 1
4 0 BL BR 0
2 1 TL BR 1
2 2 BL BR 0
2 5 BL BR 1
0 1 TL BL 0
3 5 TL BL 1
2 3 TL BR 0
0 0 TL BR 1
4 3 BL BR 0
0 0 TL BR 1
GAMEOVER WINNER 0
# Game ended: Fri Apr 05 11:46:33 EDT 2019
