# Server version 0.08 running on 10.142.59.173:8123
# Game ID: 357
# Board class: pentago_swap.PentagoBoard
# Timeout: 2000
# First Move Timeout: 30000
# Date: Fri Apr 05 12:37:48 EDT 2019
# Player 1: Player-0, '260740998', running on 10.142.59.173
# Player 2: Player-1, 'Human', running on 10.142.59.173
START Player-0 260740998
START Player-1 Human
1 1 TL TR 0
5 0 BL TL 1
1 1 TL TR 0
4 5 BR TR 1
1 4 TL TR 0
4 1 BL TR 1
5 1 TR BR 0
0 5 TR BL 1
0 1 TL TR 0
5 5 BR TL 1
5 2 TL TR 0
0 5 TR BL 1
0 4 TR BR 0
0 5 TR TL 1
4 2 TR BR 0
5 1 BL TL 1
5 4 BL BR 0
GAMEOVER USER CANCEL UNDECIDED
# Game ended: Fri Apr 05 12:45:28 EDT 2019
