# Server version 0.08 running on 142.157.107.69:8123
# Game ID: 121
# Board class: pentago_swap.PentagoBoard
# Timeout: 2000
# First Move Timeout: 30000
# Date: Tue Apr 02 12:48:10 EDT 2019
# Player 1: Player-0, '260740998', running on 142.157.107.69
# Player 2: Player-1, 'Human', running on 142.157.107.69
START Player-0 260740998
START Player-1 Human
1 1 TL TR 0
4 5 BL TL 1
1 1 TL TR 0
5 5 BR BL 1
4 1 TL TR 0
2 5 TL BR 1
5 4 TR BL 0
4 2 BR TL 1
3 1 TL BR 0
3 2 BL BR 1
GAMEOVER WINNER 1
# Game ended: Tue Apr 02 12:49:02 EDT 2019
