# Server version 0.08 running on 10.40.39.122:8123
# Game ID: 195
# Board class: pentago_swap.PentagoBoard
# Timeout: 2000
# First Move Timeout: 30000
# Date: Wed Apr 03 19:59:46 EDT 2019
# Player 1: Player-0, '260740998', running on 10.40.39.122
# Player 2: Player-1, 'OLD260740998', running on 10.40.39.122
START Player-0 260740998
START Player-1 OLD260740998
0 2 TL BR 0
5 5 TR BR 1
3 5 TR BR 0
5 4 TR BR 1
5 5 TL TR 0
2 5 BL BR 1
1 2 BL BR 0
5 2 BL BR 1
4 2 TL BL 0
GAMEOVER WINNER 0
# Game ended: Wed Apr 03 19:59:50 EDT 2019
