# Server version 0.08 running on 10.142.59.55:8123
# Game ID: 25
# Board class: pentago_swap.PentagoBoard
# Timeout: 2000
# First Move Timeout: 30000
# Date: Sun Apr 07 10:38:23 EDT 2019
# Player 1: Player-0, '260740998', running on 10.142.59.55
# Player 2: Player-1, 'Human', running on 10.142.59.55
START Player-0 260740998
START Player-1 Human
1 1 TL TR 0
5 4 TR BL 1
1 1 TL TR 0
4 3 TR BL 1
1 1 TL TR 0
3 2 TR BL 1
1 3 TR BR 0
2 1 TR BR 1
1 2 TL BR 0
3 2 TR BL 1
4 2 BL BR 0
GAMEOVER WINNER 0
# Game ended: Sun Apr 07 10:38:44 EDT 2019
