# Server version 0.08 running on 192.168.0.100:8123
# Game ID: 297
# Board class: pentago_swap.PentagoBoard
# Timeout: 2000
# First Move Timeout: 30000
# Date: Thu Apr 04 23:10:04 EDT 2019
# Player 1: Player-0, '260740998', running on 192.168.0.100
# Player 2: Player-1, 'Human', running on 192.168.0.100
START Player-0 260740998
START Player-1 Human
1 1 TL TR 0
4 1 BL BR 1
1 1 TL TR 0
4 1 BL TL 1
3 4 TL TR 0
2 4 TR BL 1
2 2 BL BR 0
5 1 TL TR 1
1 2 TR BR 0
0 4 TR BR 1
0 0 TR BL 0
GAMEOVER WINNER 1
# Game ended: Thu Apr 04 23:10:34 EDT 2019
