# Server version 0.08 running on 192.168.0.100:8123
# Game ID: 264
# Board class: pentago_swap.PentagoBoard
# Timeout: 2000
# First Move Timeout: 30000
# Date: Thu Apr 04 21:54:00 EDT 2019
# Player 1: Player-0, '260740998', running on 192.168.0.100
# Player 2: Player-1, 'Human', running on 192.168.0.100
START Player-0 260740998
START Player-1 Human
1 1 TL TR 0
0 0 BR BL 1
1 1 TL TR 0
0 4 BR BL 1
4 1 TL TR 0
0 2 BR BL 1
1 2 TL TR 0
0 0 TL TR 1
4 0 TR BL 0
4 3 BR BL 1
3 0 TR BL 0
5 5 BL TL 1
4 0 BL TR 0
4 5 BL TL 1
4 1 TR BL 0
3 4 TR TL 1
GAMEOVER WINNER 1
# Game ended: Thu Apr 04 21:56:01 EDT 2019
