# Server version 0.08 running on 10.40.25.39:8123
# Game ID: 84
# Board class: pentago_swap.PentagoBoard
# Timeout: 2000
# First Move Timeout: 30000
# Date: Mon Apr 01 19:12:33 EDT 2019
# Player 1: Player-0, '260740998', running on 10.40.25.39
# Player 2: Player-1, 'Human', running on 10.40.25.39
START Player-0 260740998
START Player-1 Human
1 1 TL TR 0
2 0 TL TR 1
1 4 TL TR 0
2 1 TR TL 1
4 1 TL TR 0
2 2 TR TL 1
0 4 TR BR 0
5 2 TL TR 1
5 1 TL TR 0
2 4 TR BL 1
0 4 TL BL 0
GAMEOVER WINNER 0
# Game ended: Mon Apr 01 19:12:49 EDT 2019
