# Server version 0.08 running on 192.168.0.100:8123
# Game ID: 289
# Board class: pentago_swap.PentagoBoard
# Timeout: 2000
# First Move Timeout: 30000
# Date: Thu Apr 04 22:58:56 EDT 2019
# Player 1: Player-0, '260740998', running on 192.168.0.100
# Player 2: Player-1, 'Human', running on 192.168.0.100
START Player-0 260740998
START Player-1 Human
1 1 TL TR 0
4 1 BL TL 1
4 1 TL TR 0
4 4 BR BL 1
3 4 TL TR 0
5 1 BR TL 1
5 4 TR BR 0
5 4 BR BL 1
3 1 BL BR 0
3 1 TR BL 1
2 1 BL BR 0
GAMEOVER WINNER 0
# Game ended: Thu Apr 04 22:59:16 EDT 2019
