# Server version 0.08 running on 192.168.0.100:8123
# Game ID: 249
# Board class: pentago_swap.PentagoBoard
# Timeout: 2000
# First Move Timeout: 30000
# Date: Thu Apr 04 20:47:53 EDT 2019
# Player 1: Player-0, '260740998', running on 192.168.0.100
# Player 2: Player-1, 'OLD260740998', running on 192.168.0.100
START Player-0 260740998
START Player-1 OLD260740998
1 1 TL TR 0
1 1 TL TR 1
4 1 TL TR 0
4 4 TL TR 1
3 4 TL TR 0
5 0 TL TR 1
0 1 TL TR 0
5 5 TR BR 1
2 4 TR BL 0
2 1 BL BR 1
2 4 TL BR 0
3 4 BL BR 1
3 3 TL TR 0
0 1 BL BR 1
2 2 BL BR 0
5 5 TR BR 1
0 2 TL BL 0
4 3 BL BR 1
2 0 TL BR 0
4 5 BL BR 1
GAMEOVER ILLEGAL MOVE: Player 0, Move: (4, 4), Swap: (BL, TR) WINNER 1
# Game ended: Thu Apr 04 20:47:55 EDT 2019
