# Server version 0.08 running on 10.40.39.122:8123
# Game ID: 204
# Board class: pentago_swap.PentagoBoard
# Timeout: 2000
# First Move Timeout: 30000
# Date: Wed Apr 03 20:34:19 EDT 2019
# Player 1: Player-0, '260740998', running on 10.40.39.122
# Player 2: Player-1, 'Human', running on 10.40.39.122
START Player-0 260740998
START Player-1 Human
1 1 TL TR 0
4 1 BL BR 1
1 1 TL TR 0
4 1 BL TL 1
3 4 TL TR 0
2 4 TR BL 1
2 4 TL BR 0
2 1 TL BR 1
3 1 TR TL 0
2 4 TR TL 1
0 4 TL TR 0
4 2 BL TR 1
3 1 TR BR 0
GAMEOVER WINNER 0
# Game ended: Wed Apr 03 20:34:42 EDT 2019
