# Server version 0.08 running on 192.168.0.100:8123
# Game ID: 301
# Board class: pentago_swap.PentagoBoard
# Timeout: 2000
# First Move Timeout: 30000
# Date: Thu Apr 04 23:15:52 EDT 2019
# Player 1: Player-0, '260740998', running on 192.168.0.100
# Player 2: Player-1, 'Human', running on 192.168.0.100
START Player-0 260740998
START Player-1 Human
1 1 TL TR 0
4 1 BL BR 1
1 1 TL TR 0
4 1 BL TR 1
3 4 TL TR 0
2 1 TL BL 1
5 4 TL TR 0
3 1 BL TR 1
5 1 TR BR 0
3 1 BL BR 1
1 3 TR BR 0
2 1 BR TL 1
3 4 TR BL 0
1 5 TR TL 1
2 3 BL BR 0
2 2 TL BR 1
2 2 TL BL 0
3 3 BR BL 1
5 3 TR BR 0
3 2 BL BR 1
2 0 TL TR 0
2 5 TR BL 1
GAMEOVER WINNER 0
# Game ended: Thu Apr 04 23:16:33 EDT 2019
