# Server version 0.08 running on 192.168.0.100:8123
# Game ID: 141
# Board class: pentago_swap.PentagoBoard
# Timeout: 2000
# First Move Timeout: 30000
# Date: Tue Apr 02 19:23:06 EDT 2019
# Player 1: Player-0, '260740998', running on 192.168.0.100
# Player 2: Player-1, 'Human', running on 192.168.0.100
START Player-0 260740998
START Player-1 Human
1 1 TL TR 0
5 5 TL BL 1
1 1 TL TR 0
5 2 TR TL 1
4 1 TL TR 0
4 2 TL TR 1
1 5 TL BL 0
4 5 TR BR 1
4 2 TR BR 0
4 3 BR BL 1
1 3 TL BR 0
GAMEOVER WINNER 0
# Game ended: Tue Apr 02 19:23:19 EDT 2019
