# Server version 0.08 running on 10.40.25.39:8123
# Game ID: 98
# Board class: pentago_swap.PentagoBoard
# Timeout: 2000
# First Move Timeout: 30000
# Date: Mon Apr 01 20:11:56 EDT 2019
# Player 1: Player-0, '260740998', running on 10.40.25.39
# Player 2: Player-1, 'Human', running on 10.40.25.39
START Player-0 260740998
START Player-1 Human
1 1 TL TR 0
2 2 TL BR 1
1 1 TL TR 0
4 5 BL TL 1
1 1 TL TR 0
3 5 BL TL 1
2 5 BL TR 0
2 5 TL BL 1
1 5 BL TR 0
3 2 TR TL 1
1 5 BL TR 0
2 2 BL TL 1
3 2 TL TR 0
4 2 BL TR 1
GAMEOVER WINNER 1
# Game ended: Mon Apr 01 20:12:54 EDT 2019
