# Server version 0.08 running on local.local:8123
# Game ID: 348
# Board class: pentago_swap.PentagoBoard
# Timeout: 2000
# First Move Timeout: 30000
# Date: Fri Apr 05 12:10:17 EDT 2019
# Player 1: Player-0, '260740998', running on local.local
# Player 2: Player-1, 'Human', running on local.local
START Player-0 260740998
START Player-1 Human
1 1 TL TR 0
4 1 BL TL 1
4 1 TL TR 0
4 4 BR BL 1
3 4 TL TR 0
5 1 BL TR 1
5 2 TR BR 0
2 1 TL TR 1
3 4 TL BL 0
0 4 TR BR 1
GAMEOVER WINNER 1
# Game ended: Fri Apr 05 12:10:45 EDT 2019
