# Server version 0.08 running on 10.142.59.173:8123
# Game ID: 389
# Board class: pentago_swap.PentagoBoard
# Timeout: 2000
# First Move Timeout: 30000
# Date: Fri Apr 05 15:40:56 EDT 2019
# Player 1: Player-0, '260740998', running on 10.142.59.173
# Player 2: Player-1, 'Human', running on 10.142.59.173
START Player-0 260740998
START Player-1 Human
1 1 TL TR 0
4 2 BL BR 1
1 1 TL TR 0
3 5 BR BL 1
4 1 TL TR 0
3 3 BR TR 1
4 5 TL TR 0
2 5 TR BL 1
4 3 TL BL 0
5 1 BL TL 1
1 3 TL BR 0
GAMEOVER WINNER 0
# Game ended: Fri Apr 05 15:42:22 EDT 2019
