# Server version 0.08 running on 10.40.39.122:8123
# Game ID: 171
# Board class: pentago_swap.PentagoBoard
# Timeout: 2000
# First Move Timeout: 30000
# Date: Wed Apr 03 14:06:41 EDT 2019
# Player 1: Player-0, '260740998', running on 10.40.39.122
# Player 2: Player-1, '260740998', running on 10.40.39.122
START Player-0 260740998
START Player-1 260740998
1 1 TL TR 0
1 1 TL TR 1
4 1 TL TR 0
4 4 TL TR 1
3 4 TL TR 0
5 0 TL TR 1
5 4 BL TR 0
1 5 TR BL 1
4 5 BL TR 0
1 3 TR BL 1
4 3 BL TR 0
1 2 TR BL 1
1 5 TR BL 0
1 0 TR BL 1
1 3 TL BR 0
3 1 TR BR 1
3 3 BL BR 0
0 2 TR BR 1
0 5 TR BL 0
0 5 TR BL 1
0 3 TR BL 0
2 3 TL BL 1
GAMEOVER WINNER 1
# Game ended: Wed Apr 03 14:06:41 EDT 2019
