# Server version 0.08 running on 10.40.25.39:8123
# Game ID: 97
# Board class: pentago_swap.PentagoBoard
# Timeout: 2000
# First Move Timeout: 30000
# Date: Mon Apr 01 20:11:23 EDT 2019
# Player 1: Player-0, '260740998', running on 10.40.25.39
# Player 2: Player-1, 'Human', running on 10.40.25.39
START Player-0 260740998
START Player-1 Human
1 1 TL TR 0
2 1 TL TR 1
1 4 TL TR 0
3 1 BR TL 1
1 1 TL TR 0
2 1 BR BL 1
5 2 TL BL 0
2 3 TR BR 1
4 0 BL BR 0
4 2 BL BR 1
5 2 TR BR 0
2 4 TR BR 1
3 0 BL BR 0
GAMEOVER WINNER 0
# Game ended: Mon Apr 01 20:11:46 EDT 2019
