# Server version 0.08 running on 10.142.59.173:8123
# Game ID: 326
# Board class: pentago_swap.PentagoBoard
# Timeout: 2000
# First Move Timeout: 30000
# Date: Fri Apr 05 11:25:35 EDT 2019
# Player 1: Player-0, '260740998', running on 10.142.59.173
# Player 2: Player-1, 'Human', running on 10.142.59.173
START Player-0 260740998
START Player-1 Human
1 1 TL TR 0
4 5 BR TR 1
1 1 TL TR 0
2 4 TR BL 1
1 1 TL TR 0
3 3 BR TL 1
3 4 TR BR 0
2 3 TR BL 1
3 0 TR BL 0
0 5 TR BL 1
1 2 TR BR 0
5 5 BR BL 1
0 5 TL BL 0
