# Server version 0.08 running on 10.142.59.173:8123
# Game ID: 353
# Board class: pentago_swap.PentagoBoard
# Timeout: 2000
# First Move Timeout: 30000
# Date: Fri Apr 05 12:25:38 EDT 2019
# Player 1: Player-0, '260740998', running on 10.142.59.173
# Player 2: Player-1, 'Human', running on 10.142.59.173
START Player-0 260740998
START Player-1 Human
1 1 TL TR 0
2 1 TL BR 1
1 1 TL TR 0
2 5 TR TL 1
4 1 TL TR 0
0 0 TL BL 1
5 1 TR BR 0
3 1 BL TL 1
5 4 TL TR 0
3 3 BR BL 1
3 2 TR BR 0
2 4 TR TL 1
3 1 TL TR 0
0 5 TR TL 1
4 5 TR BR 0
5 0 BL BR 1
GAMEOVER WINNER 0
# Game ended: Fri Apr 05 12:27:36 EDT 2019
