# Server version 0.08 running on 142.157.107.69:8123
# Game ID: 118
# Board class: pentago_swap.PentagoBoard
# Timeout: 2000
# First Move Timeout: 30000
# Date: Tue Apr 02 12:47:23 EDT 2019
# Player 1: Player-0, '260740998', running on 142.157.107.69
# Player 2: Player-1, 'Human', running on 142.157.107.69
START Player-0 260740998
START Player-1 Human
1 1 TL TR 0
5 5 BL TL 1
1 1 TL TR 0
4 5 BL TL 1
1 1 TL TR 0
5 2 TR TL 1
1 5 TR BL 0
1 5 TR BL 1
1 2 TL TR 0
3 2 BL BR 1
1 0 TL TR 0
GAMEOVER WINNER 0
# Game ended: Tue Apr 02 12:47:42 EDT 2019
