# Server version 0.08 running on 10.40.25.39:8123
# Game ID: 83
# Board class: pentago_swap.PentagoBoard
# Timeout: 2000
# First Move Timeout: 30000
# Date: Mon Apr 01 19:10:24 EDT 2019
# Player 1: Player-0, '260740998', running on 10.40.25.39
# Player 2: Player-1, 'Human', running on 10.40.25.39
START Player-0 260740998
START Player-1 Human
1 1 TL TR 0
5 5 BR TR 1
1 1 TL TR 0
2 3 TR TL 1
1 4 TL TR 0
0 5 TR BL 1
4 5 TL BL 0
1 5 TR BL 1
5 2 TL BL 0
0 5 TR TL 1
1 2 TR BR 0
1 3 TR BR 1
0 5 TR BL 0
3 4 BL TL 1
4 0 BL BR 0
GAMEOVER WINNER 0
# Game ended: Mon Apr 01 19:11:56 EDT 2019
