# Server version 0.08 running on 10.40.39.122:8123
# Game ID: 187
# Board class: pentago_swap.PentagoBoard
# Timeout: 2000
# First Move Timeout: 30000
# Date: Wed Apr 03 19:51:30 EDT 2019
# Player 1: Player-0, '260740998', running on 10.40.39.122
# Player 2: Player-1, 'OLD260740998', running on 10.40.39.122
START Player-0 260740998
START Player-1 OLD260740998
1 1 TL TR 0
1 1 TL TR 1
4 1 TL TR 0
4 4 TL TR 1
3 4 TL TR 0
5 0 TL TR 1
3 1 TL BL 0
2 1 BL TR 1
5 4 TL BR 0
2 4 BL TR 1
3 1 TL BL 0
2 4 TR BR 1
1 2 TL BL 0
1 2 TR BR 1
4 0 TL BR 0
4 3 BL TR 1
1 0 TL TR 0
GAMEOVER WINNER 0
# Game ended: Wed Apr 03 19:51:32 EDT 2019
