# Server version 0.08 running on 10.40.25.39:8123
# Game ID: 94
# Board class: pentago_swap.PentagoBoard
# Timeout: 2000
# First Move Timeout: 30000
# Date: Mon Apr 01 19:59:19 EDT 2019
# Player 1: Player-0, '260740998', running on 10.40.25.39
# Player 2: Player-1, 'Human', running on 10.40.25.39
START Player-0 260740998
START Player-1 Human
5 4 TR BR 0
3 5 BL BR 1
5 2 TR BR 0
5 3 BR BL 1
2 5 TR BL 0
3 3 BR BL 1
2 2 BL BR 0
1 3 TL BL 1
5 3 BL TR 0
2 3 TR TL 1
3 0 BL TR 0
4 3 BR BL 1
1 0 BL TR 0
0 4 BR BL 1
0 2 TR BL 0
3 4 BR BL 1
3 2 BL TR 0
3 2 TR TL 1
3 1 BL TR 0
2 3 TR TL 1
3 1 BL TR 0
2 4 BR BL 1
1 0 TL BL 0
GAMEOVER WINNER 0
# Game ended: Mon Apr 01 20:00:14 EDT 2019
