# Server version 0.08 running on 10.40.39.122:8123
# Game ID: 198
# Board class: pentago_swap.PentagoBoard
# Timeout: 2000
# First Move Timeout: 30000
# Date: Wed Apr 03 20:26:50 EDT 2019
# Player 1: Player-0, '260740998', running on 10.40.39.122
# Player 2: Player-1, 'Human', running on 10.40.39.122
START Player-0 260740998
START Player-1 Human
1 1 TL TR 0
4 1 BL BR 1
1 1 TL TR 0
4 1 BL BR 1
3 4 TL TR 0
5 4 BR TL 1
2 4 TL BR 0
2 1 TL TR 1
0 4 TL BR 0
5 1 BL BR 1
3 1 TL BR 0
0 1 BR BL 1
0 0 TR BR 0
GAMEOVER WINNER 0
# Game ended: Wed Apr 03 20:28:35 EDT 2019
