# Server version 0.08 running on 10.142.59.190:8123
# Game ID: 108
# Board class: pentago_swap.PentagoBoard
# Timeout: 2000
# First Move Timeout: 30000
# Date: Mon Apr 01 21:02:58 EDT 2019
# Player 1: Player-0, '260740998', running on 10.142.59.190
# Player 2: Player-1, 'Human', running on 10.142.59.190
START Player-0 260740998
START Player-1 Human
1 1 TL TR 0
1 1 TL BR 1
1 1 TL TR 0
3 4 BL TL 1
1 1 TL TR 0
5 4 BL TL 1
2 4 BL TR 0
2 4 TR BR 1
3 4 TR BL 0
0 4 TR TL 1
1 3 TR BR 0
3 2 BL BR 1
2 5 TR BR 0
GAMEOVER USER CANCEL UNDECIDED
# Game ended: Mon Apr 01 21:03:34 EDT 2019
