# Server version 0.08 running on 192.168.0.100:8123
# Game ID: 10
# Board class: pentago_swap.PentagoBoard
# Timeout: 2000
# First Move Timeout: 30000
# Date: Sun Mar 31 22:45:48 EDT 2019
# Player 1: Player-0, 'Human', running on 192.168.0.100
# Player 2: Player-1, '260740998', running on 192.168.0.100
START Player-0 Human
START Player-1 260740998
1 1 TL TR 0
1 1 TL TR 1
1 3 TR TL 0
4 1 TL TR 1
4 4 BR TL 0
5 0 TL TR 1
1 2 TL TR 0
1 2 TR BL 1
4 3 BR BL 0
4 2 BL TR 1
4 2 BL BR 0
1 0 TR BL 1
2 2 TL TR 0
2 3 TL TR 1
