# Server version 0.08 running on 10.142.59.190:8123
# Game ID: 76
# Board class: pentago_swap.PentagoBoard
# Timeout: 2000
# First Move Timeout: 30000
# Date: Mon Apr 01 18:08:01 EDT 2019
# Starting at move 1
# Player 1: Player-0, 'Human', running on 10.142.59.190
# Player 2: Player-1, '260740998', running on 10.142.59.190
START Player-0 Human
START Player-1 260740998
3 0 BL TL 0
1 1 TL TR 1
1 3 TL BL 0
1 1 TL TR 1
2 0 TR BR 0
1 4 TL TR 1
3 3 TL BL 0
4 3 TR BL 1
2 0 TR BR 0
1 0 BL TR 1
3 3 BL TL 0
4 3 TR BL 1
2 0 TL BL 0
2 2 TL TR 1
