# Server version 0.08 running on 192.168.0.100:8123
# Game ID: 288
# Board class: pentago_swap.PentagoBoard
# Timeout: 2000
# First Move Timeout: 30000
# Date: Thu Apr 04 22:20:58 EDT 2019
# Player 1: Player-0, '260740998', running on 192.168.0.100
# Player 2: Player-1, 'Human', running on 192.168.0.100
START Player-0 260740998
START Player-1 Human
1 1 TL TR 0
4 1 BL BR 1
1 1 TL TR 0
4 1 BL BR 1
3 4 TL TR 0
3 1 TL TR 1
0 4 TR BR 0
5 1 BR TL 1
1 5 TR BL 0
2 1 TL BR 1
3 0 TR BL 0
2 1 TL BR 1
0 2 TR BL 0
1 2 TL BR 1
3 3 TR BL 0
1 2 TL BL 1
5 5 TL BR 0
GAMEOVER WINNER 0
# Game ended: Thu Apr 04 22:21:43 EDT 2019
