# Server version 0.08 running on 10.142.59.55:8123
# Game ID: 20
# Board class: pentago_swap.PentagoBoard
# Timeout: 2000
# First Move Timeout: 30000
# Date: Sun Apr 07 10:30:20 EDT 2019
# Player 1: Player-0, '260740998', running on 10.142.59.55
# Player 2: Player-1, 'Human', running on 10.142.59.55
START Player-0 260740998
START Player-1 Human
1 1 TL TR 0
4 4 BR TR 1
1 1 TL TR 0
2 2 TL TR 1
4 1 TL TR 0
3 3 BL TR 1
3 4 TL TR 0
0 3 TR TL 1
2 4 TR BL 0
3 1 BL BR 1
5 1 TL BR 0
GAMEOVER WINNER 0
# Game ended: Sun Apr 07 10:30:56 EDT 2019
