# Server version 0.08 running on 10.40.39.122:8123
# Game ID: 212
# Board class: pentago_swap.PentagoBoard
# Timeout: 2000
# First Move Timeout: 30000
# Date: Wed Apr 03 21:18:55 EDT 2019
# Player 1: Player-0, '260740998', running on 10.40.39.122
# Player 2: Player-1, 'Human', running on 10.40.39.122
START Player-0 260740998
START Player-1 Human
1 1 TL TR 0
0 0 BR BL 1
1 1 TL TR 0
0 4 BR BL 1
4 1 TL TR 0
0 2 BR BL 1
0 4 TR BL 0
0 3 BR BL 1
0 4 TR BL 0
0 3 BL TR 1
GAMEOVER ILLEGAL MOVE: Player 0, Move: (0, 1), Swap: (BL, TL) WINNER 1
# Game ended: Wed Apr 03 21:20:32 EDT 2019
