# Server version 0.08 running on 10.142.59.173:8123
# Game ID: 342
# Board class: pentago_swap.PentagoBoard
# Timeout: 2000
# First Move Timeout: 30000
# Date: Fri Apr 05 12:04:15 EDT 2019
# Player 1: Player-0, 'Human', running on 10.142.59.173
# Player 2: Player-1, '260740998', running on 10.142.59.173
START Player-0 Human
START Player-1 260740998
5 0 BL BR 0
1 1 TL TR 1
4 3 BR BL 0
1 1 TL TR 1
3 0 BL BR 0
4 1 TL TR 1
2 3 TR TL 0
3 1 TR BR 1
1 0 TL BR 0
0 0 TR BR 1
GAMEOVER WINNER 0
# Game ended: Fri Apr 05 12:04:27 EDT 2019
