# Server version 0.08 running on 192.168.0.100:8123
# Game ID: 299
# Board class: pentago_swap.PentagoBoard
# Timeout: 2000
# First Move Timeout: 30000
# Date: Thu Apr 04 23:13:53 EDT 2019
# Player 1: Player-0, '260740998', running on 192.168.0.100
# Player 2: Player-1, 'Human', running on 192.168.0.100
START Player-0 260740998
START Player-1 Human
1 1 TL TR 0
4 1 BL TL 1
4 1 TL TR 0
4 4 BR BL 1
3 4 TL TR 0
5 1 BL TR 1
5 1 BL BR 0
2 1 TL BL 1
3 4 TR BR 0
3 1 BR TL 1
GAMEOVER DRAW
# Game ended: Thu Apr 04 23:14:08 EDT 2019
