# Server version 0.08 running on 192.168.0.100:8123
# Game ID: 132
# Board class: pentago_swap.PentagoBoard
# Timeout: 2000
# First Move Timeout: 30000
# Date: Tue Apr 02 18:57:24 EDT 2019
# Player 1: Player-0, '260740998', running on 192.168.0.100
# Player 2: Player-1, 'Human', running on 192.168.0.100
START Player-0 260740998
START Player-1 Human
1 1 TL TR 0
5 5 TR TL 1
1 4 TL TR 0
5 2 BL TR 1
1 4 TL TR 0
4 5 TR BL 1
1 0 TR BR 0
1 2 TL BL 1
4 3 BL BR 0
3 5 BL TL 1
GAMEOVER WINNER 1
# Game ended: Tue Apr 02 18:57:40 EDT 2019
