# Server version 0.08 running on 10.142.59.173:8123
# Game ID: 7
# Board class: pentago_swap.PentagoBoard
# Timeout: 2000
# First Move Timeout: 30000
# Date: Fri Apr 05 18:29:57 EDT 2019
# Player 1: Player-0, 'OLD260740998', running on 10.142.59.173
# Player 2: Player-1, '260740998', running on 10.142.59.173
START Player-0 OLD260740998
START Player-1 260740998
1 1 TL TR 0
1 1 TL TR 1
4 1 TL TR 0
4 4 TL TR 1
3 4 TL TR 0
5 0 TL TR 1
3 1 BL BR 0
2 4 TR BR 1
3 4 BL BR 0
1 5 TR BR 1
5 4 BL BR 0
1 0 TL TR 1
2 4 TL TR 0
GAMEOVER WINNER 0
# Game ended: Fri Apr 05 18:30:04 EDT 2019
