# Server version 0.08 running on 10.142.59.173:8123
# Game ID: 370
# Board class: pentago_swap.PentagoBoard
# Timeout: 2000
# First Move Timeout: 30000
# Date: Fri Apr 05 13:01:47 EDT 2019
# Player 1: Player-0, 'OLD260740998', running on 10.142.59.173
# Player 2: Player-1, '260740998', running on 10.142.59.173
START Player-0 OLD260740998
START Player-1 260740998
1 1 TL TR 0
3 3 TL TR 1
1 4 TL TR 0
2 0 TL BL 1
1 1 TL TR 0
4 5 TL TR 1
5 3 TR BL 0
3 1 TR BR 1
4 3 TR BR 0
5 2 TR BR 1
5 5 BL BR 0
2 5 TR BR 1
3 5 TR BR 0
1 4 TR BR 1
1 5 TR BR 0
2 0 TL TR 1
4 2 BL BR 0
GAMEOVER WINNER 0
# Game ended: Fri Apr 05 13:01:47 EDT 2019
