# Server version 0.08 running on 10.142.59.190:8123
# Game ID: 105
# Board class: pentago_swap.PentagoBoard
# Timeout: 2000
# First Move Timeout: 30000
# Date: Mon Apr 01 20:51:50 EDT 2019
# Player 1: Player-0, '260740998', running on 10.142.59.190
# Player 2: Player-1, 'Human', running on 10.142.59.190
START Player-0 260740998
START Player-1 Human
1 1 TL TR 0
1 2 TL BR 1
1 1 TL TR 0
3 5 TL TR 1
4 1 TL TR 0
3 2 TL BL 1
3 1 TR BL 0
1 2 TL BL 1
4 4 TL BL 0
5 5 TL TR 1
2 5 BL TR 0
2 5 BL TL 1
1 5 BL TR 0
3 2 BL TR 1
1 3 TR BR 0
4 2 BL TR 1
0 3 TR BR 0
2 1 TL BR 1
1 0 TL TR 0
GAMEOVER WINNER 0
# Game ended: Mon Apr 01 20:53:09 EDT 2019
