# Server version 0.08 running on 192.168.0.100:8123
# Game ID: 316
# Board class: pentago_swap.PentagoBoard
# Timeout: 2000
# First Move Timeout: 30000
# Date: Fri Apr 05 08:47:21 EDT 2019
# Player 1: Player-0, '260740998', running on 192.168.0.100
# Player 2: Player-1, 'OLD260740998', running on 192.168.0.100
START Player-0 260740998
START Player-1 OLD260740998
1 1 TL TR 0
1 1 TL TR 1
4 1 TL TR 0
4 4 TL TR 1
3 4 TL TR 0
5 0 TL TR 1
5 2 TR BR 0
5 4 BL BR 1
3 2 TL BR 0
3 1 BL BR 1
5 3 TR BL 0
2 4 BL BR 1
0 5 TL BL 0
5 1 BL BR 1
1 3 BL BR 0
5 5 TR BR 1
4 0 BL BR 0
3 1 BL BR 1
4 2 TL TR 0
GAMEOVER WINNER 0
# Game ended: Fri Apr 05 08:47:31 EDT 2019
