# Server version 0.08 running on 10.142.59.173:8123
# Game ID: 324
# Board class: pentago_swap.PentagoBoard
# Timeout: 2000
# First Move Timeout: 30000
# Date: Fri Apr 05 11:18:06 EDT 2019
# Player 1: Player-0, '260740998', running on 10.142.59.173
# Player 2: Player-1, 'Human', running on 10.142.59.173
START Player-0 260740998
START Player-1 Human
1 1 TL TR 0
1 0 TL BL 1
1 1 TL TR 0
4 1 BL BR 1
4 1 TL TR 0
4 5 BR BL 1
4 3 TR BL 0
1 2 TL BR 1
1 2 TR BR 0
1 3 TR BL 1
1 5 TR BR 0
4 3 BR BL 1
5 2 TL BL 0
3 2 BL TL 1
5 1 TL BR 0
GAMEOVER WINNER 0
# Game ended: Fri Apr 05 11:18:55 EDT 2019
