# Server version 0.08 running on 192.168.0.100:8123
# Game ID: 135
# Board class: pentago_swap.PentagoBoard
# Timeout: 2000
# First Move Timeout: 30000
# Date: Tue Apr 02 19:01:17 EDT 2019
# Player 1: Player-0, '260740998', running on 192.168.0.100
# Player 2: Player-1, 'Human', running on 192.168.0.100
START Player-0 260740998
START Player-1 Human
1 1 TL TR 0
5 0 TR TL 1
1 4 TL TR 0
4 0 TL TR 1
4 1 TL TR 0
4 3 TR BR 1
4 2 TL BL 0
2 3 BR TL 1
4 0 TL BR 0
0 0 TL BR 1
GAMEOVER WINNER 1
# Game ended: Tue Apr 02 19:01:31 EDT 2019
