# Server version 0.08 running on 10.142.59.173:8123
# Game ID: 335
# Board class: pentago_swap.PentagoBoard
# Timeout: 2000
# First Move Timeout: 30000
# Date: Fri Apr 05 11:55:41 EDT 2019
# Player 1: Player-0, '260740998', running on 10.142.59.173
# Player 2: Player-1, 'Human', running on 10.142.59.173
START Player-0 260740998
START Player-1 Human
1 1 TL TR 0
5 0 BR TR 1
1 1 TL TR 0
4 0 BR TR 1
1 1 TL TR 0
3 0 BR TR 1
1 0 TL BR 0
2 0 TR BR 1
1 0 BL BR 0
1 2 TL BL 1
1 0 TR BR 0
4 5 BR TL 1
3 5 TL TR 0
GAMEOVER USER CANCEL UNDECIDED
# Game ended: Fri Apr 05 11:56:11 EDT 2019
