# Server version 0.08 running on 10.142.59.190:8123
# Game ID: 71
# Board class: pentago_swap.PentagoBoard
# Timeout: 2000
# First Move Timeout: 30000
# Date: Mon Apr 01 17:08:47 EDT 2019
# Player 1: Player-0, '260740998', running on 10.142.59.190
# Player 2: Player-1, 'Human', running on 10.142.59.190
START Player-0 260740998
START Player-1 Human
1 1 TL TR 0
0 0 TL TR 1
1 4 TL TR 0
3 5 BR BL 1
4 1 TL TR 0
0 0 TL BR 1
5 4 BL BR 0
2 5 TR TL 1
3 1 BL BR 0
2 5 TR TL 1
0 4 TR BR 0
GAMEOVER WINNER 0
# Game ended: Mon Apr 01 17:09:52 EDT 2019
