# Server version 0.08 running on 192.168.0.100:8123
# Game ID: 257
# Board class: pentago_swap.PentagoBoard
# Timeout: 2000
# First Move Timeout: 30000
# Date: Thu Apr 04 21:01:16 EDT 2019
# Player 1: Player-0, 'OLD260740998', running on 192.168.0.100
# Player 2: Player-1, '260740998', running on 192.168.0.100
START Player-0 OLD260740998
START Player-1 260740998
1 1 TL TR 0
1 1 TL TR 1
4 1 TL TR 0
4 4 TL TR 1
3 4 TL TR 0
5 0 TL TR 1
5 1 BL BR 0
0 1 TR BL 1
5 5 TR BR 0
2 1 TL TR 1
5 4 BL BR 0
3 4 BL TR 1
2 5 BL BR 0
2 3 TL TR 1
0 4 BL BR 0
3 3 BL BR 1
5 1 BL BR 0
0 0 TL BL 1
5 5 TR BR 0
1 2 TL BR 1
5 5 TR BR 0
4 0 BL TR 1
5 3 TR BR 0
GAMEOVER WINNER 0
# Game ended: Thu Apr 04 21:01:20 EDT 2019
