# Server version 0.08 running on 192.168.0.100:8123
# Game ID: 15
# Board class: pentago_swap.PentagoBoard
# Timeout: 2000
# First Move Timeout: 30000
# Date: Sun Mar 31 23:12:45 EDT 2019
# Starting at move 12
# Player 1: Player-0, 'Human', running on 192.168.0.100
# Player 2: Player-1, '260740998', running on 192.168.0.100
START Player-0 Human
START Player-1 260740998
3 0 BR TR 0
1 1 TL TR 1
2 0 BR TR 0
1 1 TL TR 1
4 0 TR TL 0
1 4 TL TR 1
5 4 TR BR 0
0 4 BR TR 1
2 4 TR TL 0
2 4 BL TR 1
2 3 TR BL 0
0 4 TL BL 1
GAMEOVER WINNER 1
# Game ended: Sun Mar 31 23:12:45 EDT 2019
