# Server version 0.08 running on 192.168.0.100:8123
# Game ID: 318
# Board class: pentago_swap.PentagoBoard
# Timeout: 2000
# First Move Timeout: 30000
# Date: Fri Apr 05 08:54:18 EDT 2019
# Player 1: Player-0, 'Human', running on 192.168.0.100
# Player 2: Player-1, '260740998', running on 192.168.0.100
START Player-0 Human
START Player-1 260740998
5 0 BL TR 0
1 1 TL TR 1
1 0 TL BL 0
1 1 TL TR 1
3 0 BL BR 0
4 1 TL TR 1
2 3 TR TL 0
2 5 TR BR 1
1 0 TR BL 0
GAMEOVER WINNER 0
# Game ended: Fri Apr 05 08:55:33 EDT 2019
