# Server version 0.08 running on 192.168.0.100:8123
# Game ID: 291
# Board class: pentago_swap.PentagoBoard
# Timeout: 2000
# First Move Timeout: 30000
# Date: Thu Apr 04 23:05:08 EDT 2019
# Player 1: Player-0, '260740998', running on 192.168.0.100
# Player 2: Player-1, 'Human', running on 192.168.0.100
START Player-0 260740998
START Player-1 Human
1 1 TL TR 0
3 1 BL BR 1
1 1 TL TR 0
4 4 BR BL 1
4 4 TL TR 0
5 1 BR TR 1
0 0 TR BR 0
2 1 TL BR 1
4 5 TL TR 0
2 1 TR BR 1
3 2 TR BL 0
3 4 BR BL 1
5 2 TR BL 0
GAMEOVER USER CANCEL UNDECIDED
# Game ended: Thu Apr 04 23:05:37 EDT 2019
