# Server version 0.08 running on 192.168.0.100:8123
# Game ID: 230
# Board class: pentago_swap.PentagoBoard
# Timeout: 2000
# First Move Timeout: 30000
# Date: Thu Apr 04 09:43:50 EDT 2019
# Player 1: Player-0, 'OLD260740998', running on 192.168.0.100
# Player 2: Player-1, '260740998', running on 192.168.0.100
START Player-0 OLD260740998
START Player-1 260740998
1 1 TL TR 0
1 1 TL TR 1
4 1 TL TR 0
4 4 TL TR 1
3 4 TL TR 0
5 0 TL TR 1
5 1 BL BR 0
2 3 BL BR 1
5 5 TR BR 0
5 4 BL BR 1
5 5 TR BR 0
4 3 TL BL 1
5 4 TR BR 0
1 0 TR BL 1
5 0 TR BR 0
3 0 TL BL 1
5 4 BL BR 0
0 2 TL TR 1
GAMEOVER WINNER 0
# Game ended: Thu Apr 04 09:43:52 EDT 2019
