# Server version 0.08 running on 192.168.0.100:8123
# Game ID: 247
# Board class: pentago_swap.PentagoBoard
# Timeout: 2000
# First Move Timeout: 30000
# Date: Thu Apr 04 20:43:31 EDT 2019
# Player 1: Player-0, '260740998', running on 192.168.0.100
# Player 2: Player-1, 'Human', running on 192.168.0.100
START Player-0 260740998
START Player-1 Human
1 1 TL TR 0
4 0 BL BR 1
1 1 TL TR 0
5 3 BR BL 1
4 1 TL TR 0
3 0 BL BR 1
3 4 TL BL 0
2 0 BR BL 1
2 4 TR BL 0
1 0 TR BL 1
GAMEOVER WINNER 1
# Game ended: Thu Apr 04 20:43:43 EDT 2019
