# Server version 0.08 running on 192.168.0.100:8123
# Game ID: 3
# Board class: pentago_swap.PentagoBoard
# Timeout: 2000
# First Move Timeout: 30000
# Date: Sun Mar 31 22:28:17 EDT 2019
# Player 1: Player-0, 'Human', running on 192.168.0.100
# Player 2: Player-1, '260740998', running on 192.168.0.100
START Player-0 Human
START Player-1 260740998
2 2 TL TR 0
1 1 TL TR 1
3 4 BR BL 0
1 1 TL TR 1
3 2 BL BR 0
4 1 TL TR 1
3 3 BR BL 0
3 3 BL TR 1
3 1 BL BR 0
0 2 TR BL 1
5 5 BR BL 0
3 2 BL TR 1
5 0 BL TL 0
2 3 TL BR 1
GAMEOVER WINNER 1
# Game ended: Sun Mar 31 22:29:22 EDT 2019
