# Server version 0.08 running on 192.168.0.100:8123
# Game ID: 144
# Board class: pentago_swap.PentagoBoard
# Timeout: 2000
# First Move Timeout: 30000
# Date: Tue Apr 02 19:26:44 EDT 2019
# Player 1: Player-0, '260740998', running on 192.168.0.100
# Player 2: Player-1, 'Human', running on 192.168.0.100
START Player-0 260740998
START Player-1 Human
1 1 TL TR 0
4 3 BR TL 1
1 1 TL TR 0
2 2 BR TR 1
1 4 TL TR 0
3 1 BR TL 1
2 4 BL BR 0
2 2 TR BR 1
5 1 TR BL 0
3 4 BR BL 1
2 1 TR BL 0
3 1 BL BR 1
0 1 TL BR 0
GAMEOVER WINNER 0
# Game ended: Tue Apr 02 19:27:14 EDT 2019
