# Server version 0.08 running on 142.157.107.69:8123
# Game ID: 126
# Board class: pentago_swap.PentagoBoard
# Timeout: 2000
# First Move Timeout: 30000
# Date: Tue Apr 02 15:44:56 EDT 2019
# Starting at move 10
# Player 1: Player-0, '260740998', running on 142.157.107.69
# Player 2: Player-1, 'Human', running on 142.157.107.69
START Player-0 260740998
START Player-1 Human
1 1 TL TR 0
4 1 BR TR 1
1 1 TL TR 0
3 1 BR TR 1
1 1 TL TR 0
5 1 BL TR 1
4 0 TL TR 0
3 1 BR TL 1
1 0 TR BR 0
GAMEOVER USER CANCEL UNDECIDED
# Game ended: Tue Apr 02 15:44:59 EDT 2019
