# Server version 0.08 running on 10.40.25.39:8123
# Game ID: 89
# Board class: pentago_swap.PentagoBoard
# Timeout: 2000
# First Move Timeout: 30000
# Date: Mon Apr 01 19:39:15 EDT 2019
# Player 1: Player-0, '260740998', running on 10.40.25.39
# Player 2: Player-1, 'Human', running on 10.40.25.39
START Player-0 260740998
START Player-1 Human
1 1 TL TR 0
3 4 BR BL 1
1 1 TL TR 0
2 1 TL TR 1
4 1 TL TR 0
2 2 TL BR 1
2 2 TR BR 0
2 3 TL BR 1
0 5 TR BL 0
0 3 TR BR 1
3 1 TL BR 0
5 3 TR TL 1
4 0 TL TR 0
5 4 TR TL 1
GAMEOVER WINNER 1
# Game ended: Mon Apr 01 19:41:30 EDT 2019
