# Server version 0.08 running on 10.142.59.190:8123
# Game ID: 102
# Board class: pentago_swap.PentagoBoard
# Timeout: 2000
# First Move Timeout: 30000
# Date: Mon Apr 01 20:43:04 EDT 2019
# Player 1: Player-0, '260740998', running on 10.142.59.190
# Player 2: Player-1, 'Human', running on 10.142.59.190
START Player-0 260740998
START Player-1 Human
1 1 TL TR 0
0 0 TL BR 1
1 1 TL TR 0
3 4 TR TL 1
4 1 TL TR 0
3 2 TR TL 1
3 5 BL TR 0
2 2 TR BL 1
3 1 BL TR 0
2 1 TR BL 1
3 0 BL TR 0
2 0 TL BL 1
5 3 BL TR 0
4 5 BR BL 1
2 2 TR BL 0
1 4 TR TL 1
0 3 TL TR 0
GAMEOVER WINNER 0
# Game ended: Mon Apr 01 20:45:21 EDT 2019
