# Server version 0.08 running on 10.40.25.39:8123
# Game ID: 93
# Board class: pentago_swap.PentagoBoard
# Timeout: 2000
# First Move Timeout: 30000
# Date: Mon Apr 01 19:51:11 EDT 2019
# Player 1: Player-0, '260740998', running on 10.40.25.39
# Player 2: Player-1, 'Human', running on 10.40.25.39
START Player-0 260740998
START Player-1 Human
1 1 TL TR 0
1 1 TL BR 1
1 1 TL TR 0
2 4 TR TL 1
4 1 TL TR 0
3 4 BL TL 1
5 4 BL TR 0
2 4 TR TL 1
2 0 TR BR 0
3 2 BL TR 1
0 1 BL TR 0
3 3 BR BL 1
3 4 BL TR 0
2 4 TR TL 1
0 1 BL TR 0
2 3 TR BL 1
3 3 BL BR 0
3 3 BR BL 1
3 2 BL TR 0
3 2 BL TR 1
0 2 TL TR 0
2 2 TL TR 1
2 0 TL BL 0
GAMEOVER WINNER 0
# Game ended: Mon Apr 01 19:52:13 EDT 2019
