# Server version 0.08 running on 142.157.107.69:8123
# Game ID: 124
# Board class: pentago_swap.PentagoBoard
# Timeout: 2000
# First Move Timeout: 30000
# Date: Tue Apr 02 15:43:56 EDT 2019
# Player 1: Player-0, '260740998', running on 142.157.107.69
# Player 2: Player-1, '260740998', running on 142.157.107.69
START Player-0 260740998
START Player-1 260740998
1 1 TL TR 0
1 1 TL TR 1
4 1 TL TR 0
4 4 TL TR 1
3 4 TL TR 0
5 0 TL TR 1
3 1 TR BR 0
5 4 TL TR 1
2 1 TL TR 0
3 4 TR BR 1
5 1 TL TR 0
1 0 TR BL 1
3 1 TL TR 0
GAMEOVER WINNER 0
# Game ended: Tue Apr 02 15:43:57 EDT 2019
