# Server version 0.08 running on 10.142.59.173:8123
# Game ID: 390
# Board class: pentago_swap.PentagoBoard
# Timeout: 2000
# First Move Timeout: 30000
# Date: Fri Apr 05 15:43:35 EDT 2019
# Player 1: Player-0, '260740998', running on 10.142.59.173
# Player 2: Player-1, 'Human', running on 10.142.59.173
START Player-0 260740998
START Player-1 Human
1 1 TL TR 0
5 0 BL BR 1
1 1 TL TR 0
4 4 BR TR 1
4 1 TL TR 0
2 4 TR BL 1
2 4 TL BR 0
5 2 BL TL 1
0 4 TL TR 0
2 2 TL BL 1
0 1 TL BL 0
GAMEOVER WINNER 0
# Game ended: Fri Apr 05 15:43:41 EDT 2019
