# Server version 0.08 running on 192.168.0.100:8123
# Game ID: 145
# Board class: pentago_swap.PentagoBoard
# Timeout: 2000
# First Move Timeout: 30000
# Date: Tue Apr 02 19:27:21 EDT 2019
# Player 1: Player-0, '260740998', running on 192.168.0.100
# Player 2: Player-1, 'Human', running on 192.168.0.100
START Player-0 260740998
START Player-1 Human
1 1 TL TR 0
0 5 TR TL 1
1 4 TL TR 0
1 5 TR BL 1
1 4 TL TR 0
2 2 TL BR 1
4 5 TL BL 0
2 2 TL TR 1
4 1 TL TR 0
3 2 BL BR 1
4 3 TR BR 0
1 5 TR BL 1
GAMEOVER WINNER 1
# Game ended: Tue Apr 02 19:27:43 EDT 2019
