# Server version 0.08 running on 10.40.25.39:8123
# Game ID: 81
# Board class: pentago_swap.PentagoBoard
# Timeout: 2000
# First Move Timeout: 30000
# Date: Mon Apr 01 19:05:15 EDT 2019
# Player 1: Player-0, '260740998', running on 10.40.25.39
# Player 2: Player-1, 'Human', running on 10.40.25.39
START Player-0 260740998
START Player-1 Human
1 1 TL TR 0
2 1 TL BR 1
1 1 TL TR 0
4 4 BL TL 1
1 1 TL TR 0
3 4 BL TL 1
2 4 BL TR 0
2 4 BL TL 1
0 4 BL TR 0
3 3 TR BR 1
0 1 TR BR 0
GAMEOVER WINNER 0
# Game ended: Mon Apr 01 19:05:59 EDT 2019
