# Server version 0.08 running on 10.142.59.190:8123
# Game ID: 101
# Board class: pentago_swap.PentagoBoard
# Timeout: 2000
# First Move Timeout: 30000
# Date: Mon Apr 01 20:41:14 EDT 2019
# Player 1: Player-0, '260740998', running on 10.142.59.190
# Player 2: Player-1, 'Human', running on 10.142.59.190
START Player-0 260740998
START Player-1 Human
1 1 TL TR 0
3 2 BR BL 1
1 1 TL TR 0
4 5 BR BL 1
4 1 TL TR 0
3 1 BL BR 1
1 0 TR BR 0
1 3 TR BR 1
1 2 TL BR 0
4 2 BL TR 1
4 0 BL BR 0
GAMEOVER WINNER 0
# Game ended: Mon Apr 01 20:41:32 EDT 2019
