# Server version 0.08 running on 10.142.59.173:8123
# Game ID: 367
# Board class: pentago_swap.PentagoBoard
# Timeout: 2000
# First Move Timeout: 30000
# Date: Fri Apr 05 12:58:37 EDT 2019
# Player 1: Player-0, 'OLD260740998', running on 10.142.59.173
# Player 2: Player-1, '260740998', running on 10.142.59.173
START Player-0 OLD260740998
START Player-1 260740998
1 1 TL TR 0
3 5 TL BR 1
1 1 TL TR 0
5 5 TL BL 1
1 1 TL TR 0
3 0 TL BL 1
5 2 TL BR 0
5 0 TR BL 1
5 5 TL BR 0
3 2 TL TR 1
5 4 TL BL 0
1 0 TL TR 1
5 3 BL BR 0
3 0 BL BR 1
5 1 BL BR 0
GAMEOVER ILLEGAL MOVE: Player 1, Move: (3, 0), Swap: (TL, BL) WINNER 0
# Game ended: Fri Apr 05 12:58:37 EDT 2019
