# Server version 0.08 running on 10.40.25.39:8123
# Game ID: 87
# Board class: pentago_swap.PentagoBoard
# Timeout: 2000
# First Move Timeout: 30000
# Date: Mon Apr 01 19:18:41 EDT 2019
# Player 1: Player-0, '260740998', running on 10.40.25.39
# Player 2: Player-1, 'Human', running on 10.40.25.39
START Player-0 260740998
START Player-1 Human
1 1 TL TR 0
3 5 BR BL 1
1 1 TL TR 0
3 5 BR TR 1
1 4 TL TR 0
0 5 TR TL 1
5 2 TR BR 0
2 5 TR TL 1
0 4 TL BR 0
1 5 TR TL 1
4 2 TR BR 0
2 2 TL TR 1
2 4 TR BR 0
