# Server version 0.08 running on 10.40.39.122:8123
# Game ID: 213
# Board class: pentago_swap.PentagoBoard
# Timeout: 2000
# First Move Timeout: 30000
# Date: Wed Apr 03 21:21:02 EDT 2019
# Starting at move 10
# Player 1: Player-0, '260740998', running on 10.40.39.122
# Player 2: Player-1, 'Human', running on 10.40.39.122
START Player-0 260740998
START Player-1 Human
1 1 TL TR 0
0 0 BR BL 1
1 1 TL TR 0
0 4 BR BL 1
4 1 TL TR 0
0 2 BR BL 1
0 4 TR BL 0
0 3 BR BL 1
0 4 TR BL 0
0 3 TR BL 1
GAMEOVER ILLEGAL MOVE: Player 0, Move: (3, 4), Swap: (BR, BL) WINNER 1
# Game ended: Wed Apr 03 21:21:05 EDT 2019
