# Server version 0.08 running on 10.142.59.173:8123
# Game ID: 6
# Board class: pentago_swap.PentagoBoard
# Timeout: 2000
# First Move Timeout: 30000
# Date: Fri Apr 05 18:26:00 EDT 2019
# Player 1: Player-0, '260740998', running on 10.142.59.173
# Player 2: Player-1, 'Human', running on 10.142.59.173
START Player-0 260740998
START Player-1 Human
1 1 TL TR 0
4 1 BL TL 1
4 1 TL TR 0
4 4 BR TL 1
3 4 TL TR 0
0 1 TL BL 1
2 4 TL BL 0
2 1 TL BL 1
0 4 TL TR 0
5 4 BR TL 1
0 4 TL BL 0
4 3 BR BL 1
2 4 TL BL 0
GAMEOVER WINNER 0
# Game ended: Fri Apr 05 18:26:22 EDT 2019
