# Server version 0.08 running on 10.40.59.50:8123
# Game ID: 58
# Board class: pentago_swap.PentagoBoard
# Timeout: 2000
# First Move Timeout: 30000
# Date: Mon Apr 01 12:33:01 EDT 2019
# Player 1: Player-0, 'Human', running on 10.40.59.50
# Player 2: Player-1, '260740998', running on 10.40.59.50
START Player-0 Human
START Player-1 260740998
4 3 BR BL 0
1 1 TL TR 1
3 0 BR TR 0
1 1 TL TR 1
2 0 BR TR 0
1 1 TL TR 1
2 4 TL BL 0
0 4 BL TR 1
2 0 TR BR 0
3 0 TL BR 1
2 3 TL BL 0
2 2 TR BL 1
2 3 TR BR 0
3 0 BL BR 1
GAMEOVER WINNER 1
# Game ended: Mon Apr 01 12:34:29 EDT 2019
