# Server version 0.08 running on 10.40.39.122:8123
# Game ID: 180
# Board class: pentago_swap.PentagoBoard
# Timeout: 2000
# First Move Timeout: 30000
# Date: Wed Apr 03 17:44:24 EDT 2019
# Player 1: Player-0, 'Human', running on 10.40.39.122
# Player 2: Player-1, '260740998', running on 10.40.39.122
START Player-0 Human
START Player-1 260740998
1 1 TL TR 0
1 1 TL TR 1
2 1 TR BR 0
1 4 TL TR 1
4 1 BR TL 0
5 0 TL TR 1
5 1 BL BR 0
5 1 TL BR 1
3 4 TL TR 0
GAMEOVER WINNER 0
# Game ended: Wed Apr 03 17:44:41 EDT 2019
