# Server version 0.08 running on 10.142.59.173:8123
# Game ID: 325
# Board class: pentago_swap.PentagoBoard
# Timeout: 2000
# First Move Timeout: 30000
# Date: Fri Apr 05 11:24:59 EDT 2019
# Player 1: Player-0, '260740998', running on 10.142.59.173
# Player 2: Player-1, 'Human', running on 10.142.59.173
START Player-0 260740998
START Player-1 Human
1 1 TL TR 0
0 0 BR BL 1
1 1 TL TR 0
0 5 BR BL 1
4 1 TL TR 0
5 3 BR BL 1
1 0 TR BR 0
1 5 TR BR 1
5 2 TR BL 0
GAMEOVER USER CANCEL UNDECIDED
# Game ended: Fri Apr 05 11:25:30 EDT 2019
