# Server version 0.08 running on 192.168.0.100:8123
# Game ID: 244
# Board class: pentago_swap.PentagoBoard
# Timeout: 2000
# First Move Timeout: 30000
# Date: Thu Apr 04 18:59:39 EDT 2019
# Player 1: Player-0, '260740998', running on 192.168.0.100
# Player 2: Player-1, 'Human', running on 192.168.0.100
START Player-0 260740998
START Player-1 Human
1 1 TL TR 0
4 1 BL TL 1
4 1 TL TR 0
2 4 TR TL 1
4 4 TL TR 0
3 4 BR BL 1
4 0 TL BR 0
0 4 TR TL 1
4 3 TL BR 0
2 4 TR TL 1
1 2 TL BL 0
1 2 TL BR 1
0 0 TL TR 0
4 0 BL TL 1
0 0 TL BL 0
3 1 BL BR 1
3 0 BL BR 0
3 2 BL BR 1
5 0 TL BR 0
3 4 BR BL 1
GAMEOVER ILLEGAL MOVE: Player 0, Move: (0, 3), Swap: (TL, BR) WINNER 1
# Game ended: Thu Apr 04 19:00:33 EDT 2019
