# Server version 0.08 running on 10.40.39.122:8123
# Game ID: 158
# Board class: pentago_swap.PentagoBoard
# Timeout: 2000
# First Move Timeout: 30000
# Date: Wed Apr 03 13:58:45 EDT 2019
# Player 1: Player-0, '260740998', running on 10.40.39.122
# Player 2: Player-1, 'OLD260740998', running on 10.40.39.122
START Player-0 260740998
START Player-1 OLD260740998
1 1 TL TR 0
1 1 TL TR 1
4 1 TL TR 0
4 4 TL TR 1
3 4 TL TR 0
5 0 TL TR 1
3 1 TR BR 0
5 1 BL TR 1
0 1 TR BL 0
2 1 BL TR 1
5 1 TR BR 0
2 4 TR BR 1
3 4 TL BL 0
1 2 TR BR 1
3 5 TR BR 0
0 3 TR BL 1
3 5 BL BR 0
3 0 BL TR 1
4 5 TL TR 0
0 3 TR BL 1
0 5 TL BL 0
2 2 BL BR 1
GAMEOVER WINNER 1
# Game ended: Wed Apr 03 13:58:46 EDT 2019
