# Server version 0.08 running on 10.142.59.190:8123
# Game ID: 104
# Board class: pentago_swap.PentagoBoard
# Timeout: 2000
# First Move Timeout: 30000
# Date: Mon Apr 01 20:49:18 EDT 2019
# Player 1: Player-0, '260740998', running on 10.142.59.190
# Player 2: Player-1, 'Human', running on 10.142.59.190
START Player-0 260740998
START Player-1 Human
1 1 TL TR 0
2 0 TL BR 1
1 1 TL TR 0
4 1 BL TR 1
4 4 TL TR 0
3 3 BR TL 1
5 1 BL BR 0
3 2 BL BR 1
3 1 TL TR 0
2 1 TL TR 1
0 1 TL BL 0
GAMEOVER WINNER 0
# Game ended: Mon Apr 01 20:49:36 EDT 2019
