# Server version 0.08 running on 192.168.0.100:8123
# Game ID: 18
# Board class: pentago_swap.PentagoBoard
# Timeout: 2000
# First Move Timeout: 30000
# Date: Sun Mar 31 23:18:53 EDT 2019
# Player 1: Player-0, '260740998', running on 192.168.0.100
# Player 2: Player-1, 'Human', running on 192.168.0.100
START Player-0 260740998
START Player-1 Human
1 1 TL TR 0
3 0 BL BR 1
1 1 TL TR 0
2 3 TR TL 1
4 1 TL TR 0
4 3 BL TL 1
5 3 BL TR 0
4 0 BL TR 1
0 3 BL TR 0
5 5 BR BL 1
1 0 BL TL 0
3 0 BL BR 1
3 1 TL TR 0
3 4 BR BL 1
1 5 BL BR 0
5 4 BR BL 1
0 1 TL BL 0
5 5 BR BL 1
5 1 TR BL 0
GAMEOVER WINNER 0
# Game ended: Sun Mar 31 23:20:22 EDT 2019
