# Server version 0.08 running on 192.168.0.100:8123
# Game ID: 13
# Board class: pentago_swap.PentagoBoard
# Timeout: 2000
# First Move Timeout: 30000
# Date: Sun Mar 31 23:07:34 EDT 2019
# Player 1: Player-0, 'Human', running on 192.168.0.100
# Player 2: Player-1, '260740998', running on 192.168.0.100
START Player-0 Human
START Player-1 260740998
2 2 TL TR 0
1 1 TL TR 1
3 2 BR TR 0
1 1 TL TR 1
1 5 TR TL 0
1 4 TL TR 1
4 2 TR TL 0
0 4 BR TR 1
1 0 TL BL 0
5 4 BL TR 1
1 1 TL BL 0
0 4 TR BR 1
GAMEOVER WINNER 1
# Game ended: Sun Mar 31 23:08:01 EDT 2019
