# Server version 0.08 running on 10.142.59.173:8123
# Game ID: 404
# Board class: pentago_swap.PentagoBoard
# Timeout: 2000
# First Move Timeout: 30000
# Date: Fri Apr 05 16:27:08 EDT 2019
# Starting at move 12
# Player 1: Player-0, 'Human', running on 10.142.59.173
# Player 2: Player-1, '260740998', running on 10.142.59.173
START Player-0 Human
START Player-1 260740998
1 1 TL TR 0
1 1 TR BL 1
1 4 TL TR 0
4 4 BL TR 1
3 4 TL TR 0
5 4 BR TR 1
5 4 TR BL 0
2 4 TR TL 1
0 1 TL TR 0
1 5 BR TL 1
0 1 TL TR 0
3 4 TR BL 1
GAMEOVER USER CANCEL UNDECIDED
# Game ended: Fri Apr 05 16:27:10 EDT 2019
