# Server version 0.08 running on 192.168.0.100:8123
# Game ID: 266
# Board class: pentago_swap.PentagoBoard
# Timeout: 2000
# First Move Timeout: 30000
# Date: Thu Apr 04 21:57:20 EDT 2019
# Player 1: Player-0, '260740998', running on 192.168.0.100
# Player 2: Player-1, 'Human', running on 192.168.0.100
START Player-0 260740998
START Player-1 Human
1 1 TL TR 0
5 0 BR TR 1
1 1 TL TR 0
4 0 BR TR 1
1 1 TL TR 0
3 0 BR TR 1
3 4 TL BR 0
2 0 TL BR 1
0 4 TR BR 0
1 3 TR TL 1
GAMEOVER WINNER 1
# Game ended: Thu Apr 04 21:57:31 EDT 2019
