# Server version 0.08 running on 10.142.59.190:8123
# Game ID: 61
# Board class: pentago_swap.PentagoBoard
# Timeout: 2000
# First Move Timeout: 30000
# Date: Mon Apr 01 16:00:28 EDT 2019
# Player 1: Player-0, '260740998', running on 10.142.59.190
# Player 2: Player-1, 'Human', running on 10.142.59.190
START Player-0 260740998
START Player-1 Human
1 1 TL TR 0
4 1 BL TL 1
4 1 TL TR 0
1 3 TL BL 1
4 4 TL TR 0
1 2 TL BL 1
4 3 BL TR 0
1 2 BR BL 1
1 0 TR BL 0
4 3 BR BL 1
1 5 TL TR 0
GAMEOVER WINNER 0
# Game ended: Mon Apr 01 16:01:07 EDT 2019
