# Server version 0.08 running on 192.168.0.100:8123
# Game ID: 11
# Board class: pentago_swap.PentagoBoard
# Timeout: 2000
# First Move Timeout: 30000
# Date: Sun Mar 31 22:49:14 EDT 2019
# Player 1: Player-0, 'Human', running on 192.168.0.100
# Player 2: Player-1, '260740998', running on 192.168.0.100
START Player-0 Human
START Player-1 260740998
1 2 TL BL 0
1 1 TL TR 1
3 2 BR TR 0
1 1 TL TR 1
2 4 TR TL 0
1 4 TL TR 1
2 5 TR TL 0
5 2 BL TR 1
2 3 BL BR 0
2 4 TR BL 1
4 5 BR TR 0
1 2 BL TR 1
5 5 BR BL 0
2 0 TR BL 1
0 5 TR TL 0
2 1 TR BL 1
0 0 TL TR 0
0 4 TR BL 1
0 5 TR TL 0
0 4 TR BR 1
