# Server version 0.08 running on 192.168.0.100:8123
# Game ID: 268
# Board class: pentago_swap.PentagoBoard
# Timeout: 2000
# First Move Timeout: 30000
# Date: Thu Apr 04 22:00:42 EDT 2019
# Player 1: Player-0, '260740998', running on 192.168.0.100
# Player 2: Player-1, 'Human', running on 192.168.0.100
START Player-0 260740998
START Player-1 Human
1 1 TL TR 0
5 1 BL BR 1
1 1 TL TR 0
5 0 BR TL 1
1 1 TL TR 0
4 0 BR TL 1
1 0 TL BL 0
0 0 TL BR 1
1 3 TL BL 0
1 2 TL BR 1
4 0 TR BR 0
4 2 BL TR 1
4 5 TR BL 0
0 5 TR BL 1
2 3 TL BR 0
GAMEOVER WINNER 0
# Game ended: Thu Apr 04 22:01:08 EDT 2019
