# Server version 0.08 running on 10.40.39.122:8123
# Game ID: 207
# Board class: pentago_swap.PentagoBoard
# Timeout: 2000
# First Move Timeout: 30000
# Date: Wed Apr 03 20:36:55 EDT 2019
# Player 1: Player-0, '260740998', running on 10.40.39.122
# Player 2: Player-1, 'Human', running on 10.40.39.122
START Player-0 260740998
START Player-1 Human
1 1 TL TR 0
4 1 BL BR 1
1 1 TL TR 0
4 1 BL TL 1
3 4 TL TR 0
2 4 TL BL 1
3 1 TR BL 0
5 4 TR TL 1
0 4 TL BL 0
0 1 TL BR 1
5 1 TR BL 0
0 5 BR BL 1
GAMEOVER DRAW
# Game ended: Wed Apr 03 20:37:35 EDT 2019
