# Server version 0.08 running on 10.40.25.39:8123
# Game ID: 85
# Board class: pentago_swap.PentagoBoard
# Timeout: 2000
# First Move Timeout: 30000
# Date: Mon Apr 01 19:14:14 EDT 2019
# Player 1: Player-0, '260740998', running on 10.40.25.39
# Player 2: Player-1, 'Human', running on 10.40.25.39
START Player-0 260740998
START Player-1 Human
1 1 TL TR 0
2 1 BR TL 1
1 1 TL TR 0
5 3 BL TL 1
1 1 TL TR 0
2 2 TR BL 1
4 0 TL BR 0
2 2 BL TR 1
0 5 TL TR 0
5 4 BR TL 1
GAMEOVER WINNER 1
# Game ended: Mon Apr 01 19:14:33 EDT 2019
