# Server version 0.08 running on 10.40.25.39:8123
# Game ID: 96
# Board class: pentago_swap.PentagoBoard
# Timeout: 2000
# First Move Timeout: 30000
# Date: Mon Apr 01 20:07:12 EDT 2019
# Player 1: Player-0, '260740998', running on 10.40.25.39
# Player 2: Player-1, 'Human', running on 10.40.25.39
START Player-0 260740998
START Player-1 Human
1 1 TL TR 0
3 3 BR BL 1
1 1 TL TR 0
3 1 BL BR 1
4 1 TL TR 0
3 2 TL TR 1
3 5 BL TR 0
4 4 BR BL 1
2 2 TL BL 0
2 5 TR BR 1
3 1 TR BL 0
3 2 BL BR 1
5 3 TR BL 0
2 1 TL TR 1
0 1 TR BL 0
2 1 BL BR 1
2 4 TL BR 0
GAMEOVER WINNER 0
# Game ended: Mon Apr 01 20:09:37 EDT 2019
