# Server version 0.08 running on 10.40.39.122:8123
# Game ID: 208
# Board class: pentago_swap.PentagoBoard
# Timeout: 2000
# First Move Timeout: 30000
# Date: Wed Apr 03 20:41:55 EDT 2019
# Player 1: Player-0, '260740998', running on 10.40.39.122
# Player 2: Player-1, 'Human', running on 10.40.39.122
START Player-0 260740998
START Player-1 Human
1 1 TL TR 0
3 3 BR BL 1
1 1 TL TR 0
4 0 TR BR 1
1 4 TL TR 0
4 3 TR TL 1
5 4 TL BR 0
2 0 TL BR 1
3 3 BR TL 0
5 0 BR TR 1
GAMEOVER WINNER 1
# Game ended: Wed Apr 03 20:42:08 EDT 2019
