# Server version 0.08 running on 192.168.0.100:8123
# Game ID: 285
# Board class: pentago_swap.PentagoBoard
# Timeout: 2000
# First Move Timeout: 30000
# Date: Thu Apr 04 22:16:46 EDT 2019
# Player 1: Player-0, '260740998', running on 192.168.0.100
# Player 2: Player-1, 'Human', running on 192.168.0.100
START Player-0 260740998
START Player-1 Human
1 1 TL TR 0
4 1 BR TR 1
1 1 TL TR 0
1 1 TL BR 1
3 4 TL TR 0
5 4 TR BR 1
4 5 TL TR 0
5 1 TL BR 1
1 0 TL BL 0
0 1 BL TR 1
1 2 BL BR 0
4 2 BL TL 1
GAMEOVER WINNER 1
# Game ended: Thu Apr 04 22:17:11 EDT 2019
