# Server version 0.08 running on 10.40.39.122:8123
# Game ID: 194
# Board class: pentago_swap.PentagoBoard
# Timeout: 2000
# First Move Timeout: 30000
# Date: Wed Apr 03 19:59:28 EDT 2019
# Player 1: Player-0, 'OLD260740998', running on 10.40.39.122
# Player 2: Player-1, '260740998', running on 10.40.39.122
START Player-0 OLD260740998
START Player-1 260740998
5 5 TR BR 0
3 1 TL TR 1
5 2 BL BR 0
1 4 TL BR 1
5 4 TR BR 0
4 5 TR BL 1
5 5 TR BR 0
1 1 TL BR 1
5 4 TR BR 0
5 4 TR BL 1
2 3 TL BL 0
GAMEOVER WINNER 0
# Game ended: Wed Apr 03 19:59:33 EDT 2019
