# Server version 0.08 running on 10.142.59.55:8123
# Game ID: 22
# Board class: pentago_swap.PentagoBoard
# Timeout: 2000
# First Move Timeout: 30000
# Date: Sun Apr 07 10:33:16 EDT 2019
# Player 1: Player-0, '260740998', running on 10.142.59.55
# Player 2: Player-1, 'Human', running on 10.142.59.55
START Player-0 260740998
START Player-1 Human
1 1 TL TR 0
2 0 TL TR 1
1 4 TL TR 0
3 1 BR TR 1
1 4 TL TR 0
1 0 TL TR 1
2 4 TL TR 0
1 2 TL BL 1
3 1 TL BR 0
2 1 TL TR 1
0 1 TL BL 0
GAMEOVER WINNER 0
# Game ended: Sun Apr 07 10:33:37 EDT 2019
