# Server version 0.08 running on 10.40.39.122:8123
# Game ID: 149
# Board class: pentago_swap.PentagoBoard
# Timeout: 2000
# First Move Timeout: 30000
# Date: Wed Apr 03 13:29:07 EDT 2019
# Player 1: Player-0, '260740998', running on 10.40.39.122
# Player 2: Player-1, 'Human', running on 10.40.39.122
START Player-0 260740998
START Player-1 Human
1 1 TL TR 0
4 1 BR TL 1
1 1 TL TR 0
4 4 BR TL 1
3 4 TL TR 0
2 4 TR BR 1
4 5 BL TR 0
3 4 BR BL 1
2 1 BL TR 0
3 1 TR TL 1
GAMEOVER WINNER 1
# Game ended: Wed Apr 03 13:29:24 EDT 2019
