# Server version 0.08 running on 192.168.0.100:8123
# Game ID: 9
# Board class: pentago_swap.PentagoBoard
# Timeout: 2000
# First Move Timeout: 30000
# Date: Sun Mar 31 22:35:12 EDT 2019
# Player 1: Player-0, 'Human', running on 192.168.0.100
# Player 2: Player-1, '260740998', running on 192.168.0.100
START Player-0 Human
START Player-1 260740998
2 2 TL TR 0
1 1 TL TR 1
4 2 BR TR 0
1 1 TL TR 1
3 5 BL BR 0
1 1 TL TR 1
4 2 TR BR 0
5 2 BL TR 1
0 4 TR TL 0
3 2 BL TR 1
5 4 BR BL 0
2 1 BL TL 1
2 3 TR TL 0
2 2 BL TR 1
3 4 BL TL 0
3 5 BL TR 1
2 2 TL TR 0
2 1 TR BL 1
2 3 TR TL 0
5 4 BL TR 1
0 5 TR BL 0
5 3 BL TR 1
3 1 BL BR 0
2 3 TL BR 1
GAMEOVER WINNER 1
# Game ended: Sun Mar 31 22:43:44 EDT 2019
