# Server version 0.08 running on 10.142.59.173:8123
# Game ID: 358
# Board class: pentago_swap.PentagoBoard
# Timeout: 2000
# First Move Timeout: 30000
# Date: Fri Apr 05 12:45:58 EDT 2019
# Player 1: Player-0, '260740998', running on 10.142.59.173
# Player 2: Player-1, 'Human', running on 10.142.59.173
START Player-0 260740998
START Player-1 Human
1 1 TL TR 0
3 0 BL BR 1
1 1 TL TR 0
4 3 BR BL 1
4 1 TL TR 0
1 2 TL BL 1
5 2 TR BR 0
5 4 BR BL 1
5 4 TL TR 0
2 3 TR BL 1
1 0 TL BL 0
2 5 TR BL 1
5 3 TR BL 0
1 5 TR TL 1
4 2 TL BL 0
2 2 TL TR 1
2 4 TR BL 0
0 4 TR TL 1
2 5 BL BR 0
0 5 TR TL 1
3 3 BL BR 0
