# Server version 0.08 running on 10.142.59.55:8123
# Game ID: 34
# Board class: pentago_swap.PentagoBoard
# Timeout: 2000
# First Move Timeout: 30000
# Date: Sun Apr 07 10:49:57 EDT 2019
# Player 1: Player-0, 'OLD260740998', running on 10.142.59.55
# Player 2: Player-1, '260740998', running on 10.142.59.55
START Player-0 OLD260740998
START Player-1 260740998
1 1 TL TR 0
1 1 TL TR 1
4 1 TL TR 0
4 4 TL TR 1
3 4 TL TR 0
5 0 TL TR 1
3 1 BL BR 0
2 4 TR BR 1
3 4 BL BR 0
5 4 TR BR 1
5 4 BL BR 0
2 1 TL BR 1
3 4 TR BL 0
GAMEOVER WINNER 0
# Game ended: Sun Apr 07 10:50:01 EDT 2019
