# Server version 0.08 running on 192.168.0.100:8123
# Game ID: 24
# Board class: pentago_swap.PentagoBoard
# Timeout: 2000
# First Move Timeout: 30000
# Date: Sun Mar 31 23:52:08 EDT 2019
# Player 1: Player-0, '260740998', running on 192.168.0.100
# Player 2: Player-1, 'Human', running on 192.168.0.100
START Player-0 260740998
START Player-1 Human
1 1 TL TR 0
5 0 BR TR 1
1 1 TL TR 0
4 0 BR TR 1
1 1 TL TR 0
3 0 BR TR 1
2 0 BL TR 0
3 3 BL TL 1
4 3 TR BL 0
2 0 TR BR 1
1 0 BL TR 0
3 3 BL TL 1
1 2 TR BL 0
GAMEOVER WINNER 0
# Game ended: Sun Mar 31 23:52:42 EDT 2019
