# Server version 0.08 running on 142.157.107.69:8123
# Game ID: 122
# Board class: pentago_swap.PentagoBoard
# Timeout: 2000
# First Move Timeout: 30000
# Date: Tue Apr 02 15:40:50 EDT 2019
# Player 1: Player-0, '260740998', running on 142.157.107.69
# Player 2: Player-1, 'Human', running on 142.157.107.69
START Player-0 260740998
START Player-1 Human
1 1 TL TR 0
1 1 TR BR 1
1 4 TL TR 0
4 1 BR TL 1
3 4 TL TR 0
2 1 TR BL 1
0 4 BL BR 0
2 4 BR BL 1
5 4 TL BL 0
3 1 TR TL 1
GAMEOVER WINNER 1
# Game ended: Tue Apr 02 15:41:13 EDT 2019
