# Server version 0.08 running on 192.168.0.100:8123
# Game ID: 137
# Board class: pentago_swap.PentagoBoard
# Timeout: 2000
# First Move Timeout: 30000
# Date: Tue Apr 02 19:04:16 EDT 2019
# Player 1: Player-0, '260740998', running on 192.168.0.100
# Player 2: Player-1, 'Human', running on 192.168.0.100
START Player-0 260740998
START Player-1 Human
1 1 TL TR 0
4 3 BR BL 1
3 4 TR BL 0
2 3 TL BL 1
3 1 TL BR 0
0 3 TL BR 1
5 1 TL TR 0
3 3 TR BR 1
4 1 TL BR 0
1 3 TR BR 1
GAMEOVER WINNER 1
# Game ended: Tue Apr 02 19:04:40 EDT 2019
