# Server version 0.08 running on 10.142.59.173:8123
# Game ID: 383
# Board class: pentago_swap.PentagoBoard
# Timeout: 2000
# First Move Timeout: 30000
# Date: Fri Apr 05 13:17:53 EDT 2019
# Player 1: Player-0, '260740998', running on 10.142.59.173
# Player 2: Player-1, 'Human', running on 10.142.59.173
START Player-0 260740998
START Player-1 Human
1 1 TL TR 0
4 1 BL TL 1
4 1 TL TR 0
4 4 BR BL 1
3 4 TL TR 0
5 1 BL TR 1
4 2 TR BR 0
2 1 TL BL 1
1 3 BL BR 0
3 4 BR TL 1
0 0 TL BL 0
GAMEOVER WINNER 1
# Game ended: Fri Apr 05 13:18:01 EDT 2019
