# Server version 0.08 running on 10.142.59.190:8123
# Game ID: 66
# Board class: pentago_swap.PentagoBoard
# Timeout: 2000
# First Move Timeout: 30000
# Date: Mon Apr 01 16:19:38 EDT 2019
# Player 1: Player-0, '260740998', running on 10.142.59.190
# Player 2: Player-1, 'Human', running on 10.142.59.190
START Player-0 260740998
START Player-1 Human
1 1 TL TR 0
3 0 BL BR 1
1 1 TL TR 0
2 3 TL BL 1
1 1 TL TR 0
0 5 TR TL 1
5 1 BL BR 0
0 0 TL BL 1
3 4 BL BR 0
2 5 TR BR 1
2 4 TL TR 0
GAMEOVER WINNER 0
# Game ended: Mon Apr 01 16:19:59 EDT 2019
