# Server version 0.08 running on 192.168.0.100:8123
# Game ID: 269
# Board class: pentago_swap.PentagoBoard
# Timeout: 2000
# First Move Timeout: 30000
# Date: Thu Apr 04 22:01:17 EDT 2019
# Player 1: Player-0, '260740998', running on 192.168.0.100
# Player 2: Player-1, 'Human', running on 192.168.0.100
START Player-0 260740998
START Player-1 Human
1 1 TL TR 0
5 0 BR TR 1
1 1 TL TR 0
4 0 BL BR 1
1 1 TL TR 0
3 3 BR BL 1
1 5 TR BL 0
2 0 TR BL 1
1 2 TL BR 0
4 3 BR TL 1
GAMEOVER WINNER 1
# Game ended: Thu Apr 04 22:01:34 EDT 2019
