# Server version 0.08 running on 192.168.0.100:8123
# Game ID: 298
# Board class: pentago_swap.PentagoBoard
# Timeout: 2000
# First Move Timeout: 30000
# Date: Thu Apr 04 23:11:30 EDT 2019
# Player 1: Player-0, 'Human', running on 192.168.0.100
# Player 2: Player-1, '260740998', running on 192.168.0.100
START Player-0 Human
START Player-1 260740998
4 1 BL TL 0
1 4 TL TR 1
4 4 BR BL 0
4 4 TL TR 1
5 1 BL BR 0
4 5 TL TR 1
2 4 TR BL 0
3 4 TR BL 1
0 4 TR BR 0
GAMEOVER WINNER 0
# Game ended: Thu Apr 04 23:11:42 EDT 2019
