# Server version 0.08 running on 192.168.0.100:8123
# Game ID: 131
# Board class: pentago_swap.PentagoBoard
# Timeout: 2000
# First Move Timeout: 30000
# Date: Tue Apr 02 18:56:59 EDT 2019
# Player 1: Player-0, '260740998', running on 192.168.0.100
# Player 2: Player-1, 'Human', running on 192.168.0.100
START Player-0 260740998
START Player-1 Human
1 1 TL TR 0
5 5 TL TR 1
1 4 TL TR 0
5 2 TR BR 1
1 4 TL TR 0
4 2 TL BR 1
1 0 TL TR 0
4 5 BR TL 1
1 5 TR BL 0
4 3 BR TL 1
1 2 TR BL 0
GAMEOVER WINNER 0
# Game ended: Tue Apr 02 18:57:17 EDT 2019
