# Server version 0.08 running on 10.142.59.173:8123
# Game ID: 396
# Board class: pentago_swap.PentagoBoard
# Timeout: 2000
# First Move Timeout: 30000
# Date: Fri Apr 05 15:55:52 EDT 2019
# Player 1: Player-0, '260740998', running on 10.142.59.173
# Player 2: Player-1, 'Human', running on 10.142.59.173
START Player-0 260740998
START Player-1 Human
1 1 TL TR 0
4 1 BL BR 1
1 1 TL TR 0
4 1 BL TL 1
3 4 TL TR 0
2 4 TR BL 1
5 2 TR BR 0
2 4 TR BR 1
3 1 TR BL 0
5 3 BR TR 1
0 1 TL BR 0
2 5 BL BR 1
2 0 TR BR 0
4 3 BR TR 1
5 1 TR BR 0
5 2 BL TR 1
3 1 TL TR 0
GAMEOVER WINNER 0
# Game ended: Fri Apr 05 15:56:24 EDT 2019
