# Server version 0.08 running on 192.168.0.100:8123
# Game ID: 246
# Board class: pentago_swap.PentagoBoard
# Timeout: 2000
# First Move Timeout: 30000
# Date: Thu Apr 04 20:42:38 EDT 2019
# Player 1: Player-0, '260740998', running on 192.168.0.100
# Player 2: Player-1, 'Human', running on 192.168.0.100
START Player-0 260740998
START Player-1 Human
1 1 TL TR 0
4 0 BL BR 1
1 1 TL TR 0
5 3 BR BL 1
4 1 TL TR 0
3 1 BL BR 1
2 4 TL BL 0
3 3 BR BL 1
5 4 TL BL 0
3 0 BR BL 1
0 2 TL BR 0
2 0 BR BL 1
GAMEOVER ILLEGAL MOVE: Player 0, Move: (0, 0), Swap: (TL, TR) WINNER 1
# Game ended: Thu Apr 04 20:42:56 EDT 2019
