# Server version 0.08 running on 142.157.107.69:8123
# Game ID: 115
# Board class: pentago_swap.PentagoBoard
# Timeout: 2000
# First Move Timeout: 30000
# Date: Tue Apr 02 11:35:18 EDT 2019
# Starting at move 8
# Player 1: Player-0, '260740998', running on 142.157.107.69
# Player 2: Player-1, 'Human', running on 142.157.107.69
START Player-0 260740998
START Player-1 Human
1 1 TL TR 0
4 1 BR TR 1
1 1 TL TR 0
1 1 TR BR 1
3 4 TL TR 0
2 4 BR TL 1
5 1 TL BR 0
GAMEOVER USER CANCEL UNDECIDED
# Game ended: Tue Apr 02 11:35:23 EDT 2019
