# Server version 0.08 running on 10.142.59.190:8123
# Game ID: 74
# Board class: pentago_swap.PentagoBoard
# Timeout: 2000
# First Move Timeout: 30000
# Date: Mon Apr 01 17:55:13 EDT 2019
# Player 1: Player-0, '260740998', running on 10.142.59.190
# Player 2: Player-1, 'Human', running on 10.142.59.190
START Player-0 260740998
START Player-1 Human
1 1 TL TR 0
1 1 TR BL 1
1 4 TL TR 0
4 4 TR BL 1
3 4 TL TR 0
3 1 TR TL 1
5 4 BL BR 0
4 3 BL TR 1
5 4 BL TR 0
4 2 BR TR 1
5 4 BL BR 0
1 5 TR BR 1
4 2 BL TR 0
GAMEOVER WINNER 1
# Game ended: Mon Apr 01 17:56:04 EDT 2019
